
============== System information ====
+ lsb_release -a
./setup.sh: line 19: lsb_release: command not found
+ uname -a
Linux bsccv02 2.6.32.59-0.7-default #1 SMP 2012-07-13 15:50:56 +0200 x86_64 x86_64 x86_64 GNU/Linux
+ sw_vers
./setup.sh: line 21: sw_vers: command not found
+ system_profiler
./setup.sh: line 22: system_profiler: command not found
+ grep MemTotal /proc/meminfo
MemTotal:       99066384 kB
+ echo

+ echo

+ bin/cpanm -v --notest -l extlib/ --installdeps .
cpanm (App::cpanminus) 1.5007 on perl 5.010000 built for x86_64-linux-thread-multi
Work directory is /home/Life/rroyo/.cpanm/work/1445509614.24892
You have make /usr/bin/make
You have LWP 5.816
You have /bin/tar: tar (GNU tar) 1.26
Copyright (C) 2011 Free Software Foundation, Inc.
License GPLv3+: GNU GPL version 3 or later <http://gnu.org/licenses/gpl.html>.
This is free software: you are free to change and redistribute it.
There is NO WARRANTY, to the extent permitted by law.

Written by John Gilmore and Jay Fenlason.
You have /usr/bin/unzip
Checking if you have ExtUtils::MakeMaker 6.31 ... Yes (7.04)
Checking if you have ExtUtils::Install 1.46 ... Yes (1.54)
--> Working on .
Entering /data2/www/inb/JBrowse/JBrowse-1.11.6
Configuring /data2/www/inb/JBrowse/JBrowse-1.11.6 ... Running Makefile.PL
Warning: prerequisite Bio::GFF3::LowLevel::Parser 1.8 not found.
Warning: prerequisite Devel::Size 0 not found.
Warning: prerequisite Digest::Crc32 0 not found.
Warning: prerequisite File::Next 0 not found.
Warning: prerequisite Hash::Merge 0 not found.
Warning: prerequisite Heap::Simple 0 not found.
Warning: prerequisite Heap::Simple::XS 0 not found.
Warning: prerequisite PerlIO::gzip 0 not found.
Can't parse version 'dev'
Can't parse version 'dev'
Generating a Unix-style Makefile
Writing Makefile for JBrowse
Writing MYMETA.yml and MYMETA.json
OK
Checking dependencies from MYMETA.json ...
Checking if you have Test::More 0 ... Yes (0.98)
Checking if you have Test::Warn 0 ... Yes (0.24)
Checking if you have Capture::Tiny 0 ... Yes (0.24)
Checking if you have DBD::SQLite 0 ... Yes (1.37)
Checking if you have Pod::Usage 0 ... Yes (1.67)
Checking if you have Storable 0 ... Yes (2.18)
Checking if you have JSON::XS 0 ... Yes (2.33)
Checking if you have PerlIO::gzip 0 ... No
Checking if you have List::Util 0 ... Yes (1.38)
Checking if you have File::Path 2 ... Yes (2.09)
Checking if you have Digest::Crc32 0 ... No
Checking if you have local::lib 0 ... Yes (1.008018)
Checking if you have List::MoreUtils 0.28 ... Yes (0.33)
Checking if you have DBI 0 ... Yes (1.625)
Checking if you have Bio::FeatureIO 0 ... Yes (undef)
Checking if you have warnings 0 ... Yes (1.06)
Checking if you have base 0 ... Yes (2.13)
Checking if you have Getopt::Long 0 ... Yes (2.37)
Checking if you have IO::File 0 ... Yes (1.14)
Checking if you have Bio::Index::Fasta 0 ... Yes (undef)
Checking if you have Data::Dumper 0 ... Yes (2.121_14)
Checking if you have Bio::Root::Version 1.006000 ... Yes (1.006901)
Checking if you have DB_File 0 ... Yes (1.816_1)
Checking if you have vars 0 ... Yes (1.01)
Checking if you have Bio::Annotation::SimpleValue 0 ... Yes (undef)
Checking if you have Parse::RecDescent 0 ... Yes (1.96.0)
Checking if you have strict 0 ... Yes (1.04)
Checking if you have File::Temp 0 ... Yes (0.22)
Checking if you have File::Copy::Recursive 0 ... Yes (0.38)
Checking if you have Scalar::Util 0 ... Yes (1.38)
Checking if you have URI::Escape 0 ... Yes (3.29)
Checking if you have FindBin 0 ... Yes (1.49)
Checking if you have Fcntl 0 ... Yes (1.06)
Checking if you have File::Spec 0 ... Yes (3.33)
Checking if you have Heap::Simple 0 ... No
Checking if you have Heap::Simple::XS 0 ... No
Checking if you have POSIX 0 ... Yes (1.13)
Checking if you have Devel::Size 0 ... No
Checking if you have File::Spec::Functions 0 ... Yes (3.33)
Checking if you have Bio::SeqFeature::Lite 0 ... Yes (undef)
Checking if you have Bio::GFF3::LowLevel::Parser 1.8 ... No
Checking if you have IO::Uncompress::Gunzip 0 ... Yes (2.055)
Checking if you have Hash::Merge 0 ... No
Checking if you have constant 0 ... Yes (1.13)
Checking if you have Exporter 0 ... Yes (5.62)
Checking if you have Bio::OntologyIO 0 ... Yes (undef)
Checking if you have Carp 0 ... Yes (1.26)
Checking if you have Bio::SeqFeature::Annotated 0 ... Yes (undef)
Checking if you have File::Next 0 ... No
Checking if you have File::Basename 0 ... Yes (2.76)
Checking if you have JSON 2 ... Yes (2.53)
Checking if you have Cwd 0 ... Yes (3.33)
==> Found dependencies: PerlIO::gzip, Digest::Crc32, Heap::Simple, Heap::Simple::XS, Devel::Size, Bio::GFF3::LowLevel::Parser, Hash::Merge, File::Next
Searching PerlIO::gzip on cpanmetadb ...
--> Working on PerlIO::gzip
Fetching http://search.cpan.org/CPAN/authors/id/N/NW/NWCLARK/PerlIO-gzip-0.19.tar.gz ... OK
Unpacking PerlIO-gzip-0.19.tar.gz
PerlIO-gzip-0.19/
PerlIO-gzip-0.19/gzip.xs
PerlIO-gzip-0.19/META.yml
PerlIO-gzip-0.19/META.json
PerlIO-gzip-0.19/MANIFEST
PerlIO-gzip-0.19/Changes
PerlIO-gzip-0.19/gzip.pm
PerlIO-gzip-0.19/Makefile.PL
PerlIO-gzip-0.19/t/
PerlIO-gzip-0.19/t/ok17.gz
PerlIO-gzip-0.19/t/read.t
PerlIO-gzip-0.19/t/ok58.gz.crc
PerlIO-gzip-0.19/t/ok19
PerlIO-gzip-0.19/t/ok54.gz.len
PerlIO-gzip-0.19/t/ok3.gz
PerlIO-gzip-0.19/t/ok50.gz.short
PerlIO-gzip-0.19/t/ok21
PerlIO-gzip-0.19/t/write.t
PerlIO-gzip-0.19/README
Entering PerlIO-gzip-0.19
Checking configure dependencies from META.yml
Checking if you have ExtUtils::MakeMaker 0 ... Yes (7.04)
Configuring PerlIO-gzip-0.19 ... Running Makefile.PL
Checking if your kit is complete...
Looks good
Generating a Unix-style Makefile
Writing Makefile for PerlIO::gzip
Writing MYMETA.yml and MYMETA.json
OK
Checking dependencies from MYMETA.json ...
Checking if you have ExtUtils::MakeMaker 0 ... Yes (7.04)
Building PerlIO-gzip-0.19 ... cp gzip.pm blib/lib/PerlIO/gzip.pm
Running Mkbootstrap for PerlIO::gzip ()
chmod 644 "gzip.bs"
"/usr/bin/perl" "/data2/INB/apps/lib/lib/perl5/5.10.0/ExtUtils/xsubpp"  -typemap "/usr/lib/perl5/5.10.0/ExtUtils/typemap"  gzip.xs > gzip.xsc && mv gzip.xsc gzip.c
cc -c   -D_REENTRANT -D_GNU_SOURCE -DPERL_USE_SAFE_PUTENV -DDEBUGGING -fno-strict-aliasing -pipe -D_LARGEFILE_SOURCE -D_FILE_OFFSET_BITS=64 -fmessage-length=0 -O2 -Wall -D_FORTIFY_SOURCE=2 -fstack-protector -funwind-tables -fasynchronous-unwind-tables -g -Wall -pipe   -DVERSION=\"0.19\" -DXS_VERSION=\"0.19\" -fPIC "-I/usr/lib/perl5/5.10.0/x86_64-linux-thread-multi/CORE"   gzip.c
gzip.c:1418: warning: ‘S_croak_xs_usage’ defined but not used
gzip.xs: In function ‘PerlIOGzip_getarg’:
gzip.xs:675: warning: ‘mode’ may be used uninitialized in this function
rm -f blib/arch/auto/PerlIO/gzip/gzip.so
LD_RUN_PATH="/lib64" cc  -shared -L/usr/local/lib64 gzip.o  -o blib/arch/auto/PerlIO/gzip/gzip.so 	\
	   -lz  	\
	  
chmod 755 blib/arch/auto/PerlIO/gzip/gzip.so
"/usr/bin/perl" -MExtUtils::Command::MM -e 'cp_nonempty' -- gzip.bs blib/arch/auto/PerlIO/gzip/gzip.bs 644
Manifying 1 pod document
Running Mkbootstrap for PerlIO::gzip ()
chmod 644 "gzip.bs"
Manifying 1 pod document
Files found in blib/arch: installing files in blib/lib into architecture dependent library tree
Installing /data2/www/inb/JBrowse/JBrowse-1.11.6/extlib/lib/perl5/x86_64-linux-thread-multi/auto/PerlIO/gzip/gzip.so
Installing /data2/www/inb/JBrowse/JBrowse-1.11.6/extlib/lib/perl5/x86_64-linux-thread-multi/PerlIO/gzip.pm
Installing /data2/www/inb/JBrowse/JBrowse-1.11.6/extlib/man/man3/PerlIO::gzip.3pm
Appending installation info to /data2/www/inb/JBrowse/JBrowse-1.11.6/extlib/lib/perl5/x86_64-linux-thread-multi/perllocal.pod
OK
Successfully installed PerlIO-gzip-0.19
Installing /data2/www/inb/JBrowse/JBrowse-1.11.6/extlib/lib/perl5/x86_64-linux-thread-multi/.meta/PerlIO-gzip-0.19/install.json
Installing /data2/www/inb/JBrowse/JBrowse-1.11.6/extlib/lib/perl5/x86_64-linux-thread-multi/.meta/PerlIO-gzip-0.19/MYMETA.json
Searching Digest::Crc32 on cpanmetadb ...
--> Working on Digest::Crc32
Fetching http://search.cpan.org/CPAN/authors/id/F/FA/FAYS/Digest-Crc32-0.01.tar.gz ... OK
Unpacking Digest-Crc32-0.01.tar.gz
Digest-Crc32-001/
Digest-Crc32-001/META.yml
Digest-Crc32-001/Crc32.pm
Digest-Crc32-001/Makefile.PL
Digest-Crc32-001/README
Digest-Crc32-001/MANIFEST
Digest-Crc32-001/t/
Digest-Crc32-001/t/use.t
Entering Digest-Crc32-001
Checking configure dependencies from META.yml
Configuring Digest-Crc32-0.01 ... Running Makefile.PL
Checking if your kit is complete...
Looks good
Generating a Unix-style Makefile
Writing Makefile for Digest::Crc32
Writing MYMETA.yml and MYMETA.json
OK
Checking dependencies from MYMETA.json ...
Checking if you have ExtUtils::MakeMaker 0 ... Yes (7.04)
Building Digest-Crc32-0.01 ... cp Crc32.pm blib/lib/Digest/Crc32.pm
Manifying 1 pod document
Manifying 1 pod document
Installing /data2/www/inb/JBrowse/JBrowse-1.11.6/extlib/lib/perl5/Digest/Crc32.pm
Installing /data2/www/inb/JBrowse/JBrowse-1.11.6/extlib/man/man3/Digest::Crc32.3pm
Appending installation info to /data2/www/inb/JBrowse/JBrowse-1.11.6/extlib/lib/perl5/x86_64-linux-thread-multi/perllocal.pod
OK
Successfully installed Digest-Crc32-0.01
Installing /data2/www/inb/JBrowse/JBrowse-1.11.6/extlib/lib/perl5/x86_64-linux-thread-multi/.meta/Digest-Crc32-0.01/install.json
Installing /data2/www/inb/JBrowse/JBrowse-1.11.6/extlib/lib/perl5/x86_64-linux-thread-multi/.meta/Digest-Crc32-0.01/MYMETA.json
Searching Heap::Simple on cpanmetadb ...
--> Working on Heap::Simple
Fetching http://search.cpan.org/CPAN/authors/id/T/TH/THOSPEL/Heap-Simple-0.13.tar.gz ... OK
Unpacking Heap-Simple-0.13.tar.gz
Heap-Simple-0.13/
Heap-Simple-0.13/Makefile.PL
Heap-Simple-0.13/Changes
Heap-Simple-0.13/README
Heap-Simple-0.13/t/
Heap-Simple-0.13/t/Heap-Simple.t
Heap-Simple-0.13/MANIFEST.SKIP
Heap-Simple-0.13/MANIFEST
Heap-Simple-0.13/META.yml
Heap-Simple-0.13/lib/
Heap-Simple-0.13/lib/Heap/
Heap-Simple-0.13/lib/Heap/Simple.pm
Heap-Simple-0.13/lib/Heap/Simple/
Heap-Simple-0.13/lib/Heap/Simple/Package.pm
Heap-Simple-0.13/md5-versions
Entering Heap-Simple-0.13
Checking configure dependencies from META.yml
Configuring Heap-Simple-0.13 ... Running Makefile.PL

You seem to have neither 'Heap::Simple::XS' nor 'Heap::Simple::Perl' installed.
That should not stop this package from getting installed (in fact, you'll need
to install this package before you can install any of the other two).
However, this package won't be usable until you install one (or both) of these
two.

Checking if your kit is complete...
Looks good
Generating a Unix-style Makefile
Writing Makefile for Heap::Simple
Writing MYMETA.yml and MYMETA.json
OK
Checking dependencies from MYMETA.json ...
Checking if you have ExtUtils::MakeMaker 0 ... Yes (7.04)
Building Heap-Simple-0.13 ... cp lib/Heap/Simple/Package.pm blib/lib/Heap/Simple/Package.pm
cp lib/Heap/Simple.pm blib/lib/Heap/Simple.pm
Manifying 1 pod document
Manifying 1 pod document
Installing /data2/www/inb/JBrowse/JBrowse-1.11.6/extlib/lib/perl5/Heap/Simple.pm
Installing /data2/www/inb/JBrowse/JBrowse-1.11.6/extlib/lib/perl5/Heap/Simple/Package.pm
Installing /data2/www/inb/JBrowse/JBrowse-1.11.6/extlib/man/man3/Heap::Simple.3pm
Appending installation info to /data2/www/inb/JBrowse/JBrowse-1.11.6/extlib/lib/perl5/x86_64-linux-thread-multi/perllocal.pod
OK
Successfully installed Heap-Simple-0.13
Installing /data2/www/inb/JBrowse/JBrowse-1.11.6/extlib/lib/perl5/x86_64-linux-thread-multi/.meta/Heap-Simple-0.13/install.json
Installing /data2/www/inb/JBrowse/JBrowse-1.11.6/extlib/lib/perl5/x86_64-linux-thread-multi/.meta/Heap-Simple-0.13/MYMETA.json
Searching Heap::Simple::XS on cpanmetadb ...
--> Working on Heap::Simple::XS
Fetching http://search.cpan.org/CPAN/authors/id/T/TH/THOSPEL/Heap-Simple-XS-0.10.tar.gz ... OK
Unpacking Heap-Simple-XS-0.10.tar.gz
Heap-Simple-XS-0.10/
Heap-Simple-XS-0.10/Makefile.PL
Heap-Simple-XS-0.10/ppport.h
Heap-Simple-XS-0.10/Changes
Heap-Simple-XS-0.10/README
Heap-Simple-XS-0.10/t/
Heap-Simple-XS-0.10/t/speed_priority
Heap-Simple-XS-0.10/t/speed_binary
Heap-Simple-XS-0.10/t/speed_array
Heap-Simple-XS-0.10/t/speed_hash
Heap-Simple-XS-0.10/t/speed_binomial
Heap-Simple-XS-0.10/t/Ties.pm
Heap-Simple-XS-0.10/t/speed_scalar
Heap-Simple-XS-0.10/t/04_overload.t
Heap-Simple-XS-0.10/t/02_stress.t
Heap-Simple-XS-0.10/t/99_speed.t
Heap-Simple-XS-0.10/t/FakeHeap.pm
Heap-Simple-XS-0.10/t/03_magic.t
Heap-Simple-XS-0.10/t/00_load.t
Heap-Simple-XS-0.10/t/01_basic.t
Heap-Simple-XS-0.10/t/speed_fibonacci
Heap-Simple-XS-0.10/XS.xs
Heap-Simple-XS-0.10/typemap
Heap-Simple-XS-0.10/MANIFEST.SKIP
Heap-Simple-XS-0.10/MANIFEST
Heap-Simple-XS-0.10/META.yml
Heap-Simple-XS-0.10/lib/
Heap-Simple-XS-0.10/lib/Heap/
Heap-Simple-XS-0.10/lib/Heap/Simple/
Heap-Simple-XS-0.10/lib/Heap/Simple/XS/
Heap-Simple-XS-0.10/lib/Heap/Simple/XS/Package.pm
Heap-Simple-XS-0.10/lib/Heap/Simple/XS.pm
Heap-Simple-XS-0.10/md5-versions
Entering Heap-Simple-XS-0.10
Checking configure dependencies from META.yml
Configuring Heap-Simple-XS-0.10 ... Running Makefile.PL

   Note that you can avoid these questions by passing
   the '-n' or '-y' option to 'Makefile.PL'.

Run Heap::Simple benchmarks during 'make test' ? [n] n
Checking if your kit is complete...
Looks good
Generating a Unix-style Makefile
Writing Makefile for Heap::Simple::XS
Writing MYMETA.yml and MYMETA.json
OK
Checking dependencies from MYMETA.json ...
Checking if you have ExtUtils::MakeMaker 0 ... Yes (7.04)
Checking if you have Test::More 0.11 ... Yes (0.98)
Checking if you have Heap::Simple 0.09 ... Yes (0.13)
Building Heap-Simple-XS-0.10 ... cp lib/Heap/Simple/XS/Package.pm blib/lib/Heap/Simple/XS/Package.pm
cp lib/Heap/Simple/XS.pm blib/lib/Heap/Simple/XS.pm
Running Mkbootstrap for Heap::Simple::XS ()
chmod 644 "XS.bs"
"/usr/bin/perl" "/data2/INB/apps/lib/lib/perl5/5.10.0/ExtUtils/xsubpp"  -typemap "/usr/lib/perl5/5.10.0/ExtUtils/typemap" -typemap "typemap"  XS.xs > XS.xsc && mv XS.xsc XS.c
cc -c  -I. -D_REENTRANT -D_GNU_SOURCE -DPERL_USE_SAFE_PUTENV -DDEBUGGING -fno-strict-aliasing -pipe -D_LARGEFILE_SOURCE -D_FILE_OFFSET_BITS=64 -fmessage-length=0 -O2 -Wall -D_FORTIFY_SOURCE=2 -fstack-protector -funwind-tables -fasynchronous-unwind-tables -g -Wall -pipe  -DPERL_EXTMALLOC_DEF -Dmalloc=Perl_malloc -Dfree=Perl_mfree -Drealloc=Perl_realloc -Dcalloc=Perl_calloc -DVERSION=\"0.10\" -DXS_VERSION=\"0.10\" -fPIC "-I/usr/lib/perl5/5.10.0/x86_64-linux-thread-multi/CORE"   XS.c
XS.xs: In function ‘my_isa_lookup’:
XS.xs:116: warning: null argument where non-null required (argument 1)
XS.xs:116: warning: null argument where non-null required (argument 1)
XS.xs:116: warning: null argument where non-null required (argument 1)
XS.xs:116: warning: null argument where non-null required (argument 1)
XS.xs:116: warning: null argument where non-null required (argument 1)
XS.xs:116: warning: null argument where non-null required (argument 1)
XS.xs:116: warning: null argument where non-null required (argument 1)
XS.xs:116: warning: null argument where non-null required (argument 1)
XS.c: In function ‘XS_Heap__Simple__XS_merge_arrays’:
XS.xs:2275: warning: ‘av’ may be used uninitialized in this function
XS.xs:2275: note: ‘av’ was declared here
XS.xs: In function ‘key_insert’:
XS.xs:438: warning: ‘t1’ may be used uninitialized in this function
XS.xs:438: warning: ‘new’ may be used uninitialized in this function
XS.c: In function ‘XS_Heap__Simple__XS__key_absorb’:
XS.xs:1859: warning: ‘value’ may be used uninitialized in this function
XS.xs:1859: note: ‘value’ was declared here
XS.xs:1859: warning: ‘key’ may be used uninitialized in this function
XS.xs:1859: note: ‘key’ was declared here
XS.c: In function ‘XS_Heap__Simple__XS__absorb’:
XS.xs:1648: warning: ‘value’ may be used uninitialized in this function
XS.xs:1648: note: ‘value’ was declared here
rm -f blib/arch/auto/Heap/Simple/XS/XS.so
cc  -shared -L/usr/local/lib64 XS.o  -o blib/arch/auto/Heap/Simple/XS/XS.so 	\
	     	\
	  
chmod 755 blib/arch/auto/Heap/Simple/XS/XS.so
"/usr/bin/perl" -MExtUtils::Command::MM -e 'cp_nonempty' -- XS.bs blib/arch/auto/Heap/Simple/XS/XS.bs 644
Manifying 1 pod document
Running Mkbootstrap for Heap::Simple::XS ()
chmod 644 "XS.bs"
Manifying 1 pod document
Files found in blib/arch: installing files in blib/lib into architecture dependent library tree
Installing /data2/www/inb/JBrowse/JBrowse-1.11.6/extlib/lib/perl5/x86_64-linux-thread-multi/auto/Heap/Simple/XS/XS.so
Installing /data2/www/inb/JBrowse/JBrowse-1.11.6/extlib/lib/perl5/x86_64-linux-thread-multi/Heap/Simple/XS.pm
Installing /data2/www/inb/JBrowse/JBrowse-1.11.6/extlib/lib/perl5/x86_64-linux-thread-multi/Heap/Simple/XS/Package.pm
Installing /data2/www/inb/JBrowse/JBrowse-1.11.6/extlib/man/man3/Heap::Simple::XS.3pm
Appending installation info to /data2/www/inb/JBrowse/JBrowse-1.11.6/extlib/lib/perl5/x86_64-linux-thread-multi/perllocal.pod
OK
Successfully installed Heap-Simple-XS-0.10
Installing /data2/www/inb/JBrowse/JBrowse-1.11.6/extlib/lib/perl5/x86_64-linux-thread-multi/.meta/Heap-Simple-XS-0.10/install.json
Installing /data2/www/inb/JBrowse/JBrowse-1.11.6/extlib/lib/perl5/x86_64-linux-thread-multi/.meta/Heap-Simple-XS-0.10/MYMETA.json
Searching Devel::Size on cpanmetadb ...
--> Working on Devel::Size
Fetching http://search.cpan.org/CPAN/authors/id/N/NW/NWCLARK/Devel-Size-0.80.tar.gz ... OK
Unpacking Devel-Size-0.80.tar.gz
Devel-Size-0.80/
Devel-Size-0.80/META.yml
Devel-Size-0.80/META.json
Devel-Size-0.80/Size.xs
Devel-Size-0.80/ppport.h
Devel-Size-0.80/MANIFEST
Devel-Size-0.80/MANIFEST.SKIP
Devel-Size-0.80/lib/
Devel-Size-0.80/lib/Devel/
Devel-Size-0.80/lib/Devel/Size.pm
Devel-Size-0.80/Makefile.PL
Devel-Size-0.80/t/
Devel-Size-0.80/t/pvbm.t
Devel-Size-0.80/t/pod.t
Devel-Size-0.80/t/warnings.t
Devel-Size-0.80/t/code.t
Devel-Size-0.80/t/globs.t
Devel-Size-0.80/t/magic.t
Devel-Size-0.80/t/basic.t
Devel-Size-0.80/t/recurse.t
Devel-Size-0.80/t/pod_cov.t
Devel-Size-0.80/CHANGES
Devel-Size-0.80/typemap
Devel-Size-0.80/README
Entering Devel-Size-0.80
Checking configure dependencies from META.yml
Checking if you have ExtUtils::MakeMaker 0 ... Yes (7.04)
Configuring Devel-Size-0.80 ... Running Makefile.PL
Checking if your kit is complete...
Looks good
Generating a Unix-style Makefile
Writing Makefile for Devel::Size
Writing MYMETA.yml and MYMETA.json
OK
Checking dependencies from MYMETA.json ...
Checking if you have ExtUtils::MakeMaker 0 ... Yes (7.04)
Checking if you have Test::More 0 ... Yes (0.98)
Checking if you have XSLoader 0 ... Yes (0.08)
Building Devel-Size-0.80 ... cp lib/Devel/Size.pm blib/lib/Devel/Size.pm
Running Mkbootstrap for Devel::Size ()
chmod 644 "Size.bs"
"/usr/bin/perl" "/data2/INB/apps/lib/lib/perl5/5.10.0/ExtUtils/xsubpp"  -typemap "/usr/lib/perl5/5.10.0/ExtUtils/typemap" -typemap "typemap"  Size.xs > Size.xsc && mv Size.xsc Size.c
cc -c   -D_REENTRANT -D_GNU_SOURCE -DPERL_USE_SAFE_PUTENV -DDEBUGGING -fno-strict-aliasing -pipe -D_LARGEFILE_SOURCE -D_FILE_OFFSET_BITS=64 -fmessage-length=0 -O2 -Wall -D_FORTIFY_SOURCE=2 -fstack-protector -funwind-tables -fasynchronous-unwind-tables -g -Wall -pipe   -DVERSION=\"0.80\" -DXS_VERSION=\"0.80\" -fPIC "-I/usr/lib/perl5/5.10.0/x86_64-linux-thread-multi/CORE"  -DALIGN_BITS=3 Size.c
Size.xs: In function ‘check_new’:
Size.xs:115: warning: unused variable ‘c’
Size.c: In function ‘XS_Devel__Size_size’:
Size.c:1242: warning: unused variable ‘Perl___notused’
Size.c: In function ‘boot_Devel__Size’:
Size.c:1278: warning: unused variable ‘Perl___notused’
rm -f blib/arch/auto/Devel/Size/Size.so
cc  -shared -L/usr/local/lib64 Size.o  -o blib/arch/auto/Devel/Size/Size.so 	\
	     	\
	  
chmod 755 blib/arch/auto/Devel/Size/Size.so
"/usr/bin/perl" -MExtUtils::Command::MM -e 'cp_nonempty' -- Size.bs blib/arch/auto/Devel/Size/Size.bs 644
Manifying 1 pod document
Running Mkbootstrap for Devel::Size ()
chmod 644 "Size.bs"
Manifying 1 pod document
Files found in blib/arch: installing files in blib/lib into architecture dependent library tree
Installing /data2/www/inb/JBrowse/JBrowse-1.11.6/extlib/lib/perl5/x86_64-linux-thread-multi/auto/Devel/Size/Size.so
Installing /data2/www/inb/JBrowse/JBrowse-1.11.6/extlib/lib/perl5/x86_64-linux-thread-multi/Devel/Size.pm
Installing /data2/www/inb/JBrowse/JBrowse-1.11.6/extlib/man/man3/Devel::Size.3pm
Appending installation info to /data2/www/inb/JBrowse/JBrowse-1.11.6/extlib/lib/perl5/x86_64-linux-thread-multi/perllocal.pod
OK
Successfully installed Devel-Size-0.80
Installing /data2/www/inb/JBrowse/JBrowse-1.11.6/extlib/lib/perl5/x86_64-linux-thread-multi/.meta/Devel-Size-0.80/install.json
Installing /data2/www/inb/JBrowse/JBrowse-1.11.6/extlib/lib/perl5/x86_64-linux-thread-multi/.meta/Devel-Size-0.80/MYMETA.json
Searching Bio::GFF3::LowLevel::Parser on cpanmetadb ...
--> Working on Bio::GFF3::LowLevel::Parser
Fetching http://search.cpan.org/CPAN/authors/id/R/RB/RBUELS/Bio-GFF3-2.0.tar.gz ... OK
Unpacking Bio-GFF3-2.0.tar.gz
Bio-GFF3-2.0
Bio-GFF3-2.0/README
Bio-GFF3-2.0/Changes
Bio-GFF3-2.0/LICENSE
Bio-GFF3-2.0/dist.ini
Bio-GFF3-2.0/META.yml
Bio-GFF3-2.0/MANIFEST
Bio-GFF3-2.0/META.json
Bio-GFF3-2.0/t
Bio-GFF3-2.0/t/parser.t
Bio-GFF3-2.0/Makefile.PL
Bio-GFF3-2.0/t/lowlevel.t
Bio-GFF3-2.0/t/release-eol.t
Bio-GFF3-2.0/Parser_patch.txt
Bio-GFF3-2.0/t/data
Bio-GFF3-2.0/t/data/tair10.gff3
Bio-GFF3-2.0/bin
Bio-GFF3-2.0/bin/gff3_from_fasta
Bio-GFF3-2.0/t/data/hybrid2.gff3
Bio-GFF3-2.0/t/data/hybrid1.gff3
Bio-GFF3-2.0/t/data/knownGene.gff3
Bio-GFF3-2.0/t/data/spec_eden.gff3
Bio-GFF3-2.0/t/data/spec_match.gff3
Bio-GFF3-2.0/t/data/knownGene2.gff3
Bio-GFF3-2.0/t/data/directives.gff3
Bio-GFF3-2.0/t/release-pod-syntax.t
Bio-GFF3-2.0/t/data/tomato_test.gff3
Bio-GFF3-2.0/t/data/quantitative.gff3
Bio-GFF3-2.0/lib/Bio/GFF3
Bio-GFF3-2.0/lib/Bio/GFF3/LowLevel.pm
Bio-GFF3-2.0/t/release-pod-coverage.t
Bio-GFF3-2.0/t/parser_1_0_backcompat.t
Bio-GFF3-2.0/t/transforms
Bio-GFF3-2.0/t/transforms/from_fasta.t
Bio-GFF3-2.0/t/data/refGene_excerpt.gff3
Bio-GFF3-2.0/t/data/gff3_with_syncs.gff3
Bio-GFF3-2.0/t/data/tomato_chr4_head.gff3
Bio-GFF3-2.0/t/data/mm9_sample_ensembl.gff3
Bio-GFF3-2.0/t/data/au9_scaffold_subset.gff3
Bio-GFF3-2.0/lib/Bio/GFF3/LowLevel
Bio-GFF3-2.0/lib/Bio/GFF3/LowLevel/Parser.pm
Bio-GFF3-2.0/t/data/messy_protein_domains.gff3
Bio-GFF3-2.0/t/data/knownGene_out_of_order.gff3
Bio-GFF3-2.0/lib/Bio/GFF3/Transform
Bio-GFF3-2.0/lib/Bio/GFF3/Transform/FromFasta.pm
Bio-GFF3-2.0/t/data/gff3_with_syncs.dumped_result
Bio-GFF3-2.0/lib/Bio/GFF3/Transform/SyncDirectives.pm
Bio-GFF3-2.0/t/data/knownGene_out_of_order.dumped_result
Bio-GFF3-2.0/t/data/Saccharomyces_cerevisiae_EF3_e64.gff3
Bio-GFF3-2.0/lib/Bio/GFF3/LowLevel/Parser
Bio-GFF3-2.0/lib/Bio/GFF3/LowLevel/Parser/1_0_backcompat.pm
Entering Bio-GFF3-2.0
Checking configure dependencies from META.yml
Checking if you have ExtUtils::MakeMaker 6.30 ... Yes (7.04)
Configuring Bio-GFF3-2.0 ... Running Makefile.PL
Warning: prerequisite File::ReadBackwards 0 not found.
Checking if your kit is complete...
Looks good
Generating a Unix-style Makefile
Writing Makefile for Bio::GFF3
Writing MYMETA.yml and MYMETA.json
OK
Checking dependencies from MYMETA.json ...
Checking if you have warnings 0 ... Yes (1.06)
Checking if you have base 0 ... Yes (2.13)
Checking if you have Scalar::Util 0 ... Yes (1.38)
Checking if you have URI::Escape 0 ... Yes (3.29)
Checking if you have Pod::Usage 0 ... Yes (1.67)
Checking if you have Getopt::Std 0 ... Yes (1.05)
Checking if you have IO::Handle 0 ... Yes (1.27)
Checking if you have Exporter 0 ... Yes (5.62)
Checking if you have Carp 0 ... Yes (1.26)
Checking if you have strict 0 ... Yes (1.04)
Checking if you have File::Temp 0 ... Yes (0.22)
Checking if you have List::MoreUtils 0 ... Yes (0.33)
Checking if you have File::ReadBackwards 0 ... No
==> Found dependencies: File::ReadBackwards
Searching File::ReadBackwards on cpanmetadb ...
--> Working on File::ReadBackwards
Fetching http://search.cpan.org/CPAN/authors/id/U/UR/URI/File-ReadBackwards-1.05.tar.gz ... OK
Unpacking File-ReadBackwards-1.05.tar.gz
File-ReadBackwards-1.05/
File-ReadBackwards-1.05/t/
File-ReadBackwards-1.05/t/bw.t
File-ReadBackwards-1.05/t/large_file.t
File-ReadBackwards-1.05/README
File-ReadBackwards-1.05/ReadBackwards.pm
File-ReadBackwards-1.05/MANIFEST
File-ReadBackwards-1.05/META.yml
File-ReadBackwards-1.05/Changes
File-ReadBackwards-1.05/Makefile.PL
Entering File-ReadBackwards-1.05
Checking configure dependencies from META.yml
Configuring File-ReadBackwards-1.05 ... Running Makefile.PL
Checking if your kit is complete...
Looks good
Generating a Unix-style Makefile
Writing Makefile for File::ReadBackwards
Writing MYMETA.yml and MYMETA.json
OK
Checking dependencies from MYMETA.json ...
Checking if you have ExtUtils::MakeMaker 0 ... Yes (7.04)
Building File-ReadBackwards-1.05 ... cp ReadBackwards.pm blib/lib/File/ReadBackwards.pm
Manifying 1 pod document
Manifying 1 pod document
Installing /data2/www/inb/JBrowse/JBrowse-1.11.6/extlib/lib/perl5/File/ReadBackwards.pm
Installing /data2/www/inb/JBrowse/JBrowse-1.11.6/extlib/man/man3/File::ReadBackwards.3pm
Appending installation info to /data2/www/inb/JBrowse/JBrowse-1.11.6/extlib/lib/perl5/x86_64-linux-thread-multi/perllocal.pod
OK
Successfully installed File-ReadBackwards-1.05
Installing /data2/www/inb/JBrowse/JBrowse-1.11.6/extlib/lib/perl5/x86_64-linux-thread-multi/.meta/File-ReadBackwards-1.05/install.json
Installing /data2/www/inb/JBrowse/JBrowse-1.11.6/extlib/lib/perl5/x86_64-linux-thread-multi/.meta/File-ReadBackwards-1.05/MYMETA.json
Building Bio-GFF3-2.0 ... cp lib/Bio/GFF3/Transform/SyncDirectives.pm blib/lib/Bio/GFF3/Transform/SyncDirectives.pm
cp lib/Bio/GFF3/LowLevel/Parser/1_0_backcompat.pm blib/lib/Bio/GFF3/LowLevel/Parser/1_0_backcompat.pm
cp lib/Bio/GFF3/LowLevel/Parser.pm blib/lib/Bio/GFF3/LowLevel/Parser.pm
cp lib/Bio/GFF3/LowLevel.pm blib/lib/Bio/GFF3/LowLevel.pm
cp lib/Bio/GFF3/Transform/FromFasta.pm blib/lib/Bio/GFF3/Transform/FromFasta.pm
cp bin/gff3_from_fasta blib/script/gff3_from_fasta
"/usr/bin/perl" -MExtUtils::MY -e 'MY->fixin(shift)' -- blib/script/gff3_from_fasta
Manifying 1 pod document
Manifying 5 pod documents
Manifying 1 pod document
Manifying 5 pod documents
Installing /data2/www/inb/JBrowse/JBrowse-1.11.6/extlib/lib/perl5/Bio/GFF3/LowLevel.pm
Installing /data2/www/inb/JBrowse/JBrowse-1.11.6/extlib/lib/perl5/Bio/GFF3/LowLevel/Parser.pm
Installing /data2/www/inb/JBrowse/JBrowse-1.11.6/extlib/lib/perl5/Bio/GFF3/LowLevel/Parser/1_0_backcompat.pm
Installing /data2/www/inb/JBrowse/JBrowse-1.11.6/extlib/lib/perl5/Bio/GFF3/Transform/SyncDirectives.pm
Installing /data2/www/inb/JBrowse/JBrowse-1.11.6/extlib/lib/perl5/Bio/GFF3/Transform/FromFasta.pm
Installing /data2/www/inb/JBrowse/JBrowse-1.11.6/extlib/man/man1/gff3_from_fasta.1
Installing /data2/www/inb/JBrowse/JBrowse-1.11.6/extlib/man/man3/Bio::GFF3::LowLevel::Parser.3pm
Installing /data2/www/inb/JBrowse/JBrowse-1.11.6/extlib/man/man3/Bio::GFF3::LowLevel.3pm
Installing /data2/www/inb/JBrowse/JBrowse-1.11.6/extlib/man/man3/Bio::GFF3::Transform::SyncDirectives.3pm
Installing /data2/www/inb/JBrowse/JBrowse-1.11.6/extlib/man/man3/Bio::GFF3::Transform::FromFasta.3pm
Installing /data2/www/inb/JBrowse/JBrowse-1.11.6/extlib/man/man3/Bio::GFF3::LowLevel::Parser::1_0_backcompat.3pm
Installing /data2/www/inb/JBrowse/JBrowse-1.11.6/extlib/bin/gff3_from_fasta
Appending installation info to /data2/www/inb/JBrowse/JBrowse-1.11.6/extlib/lib/perl5/x86_64-linux-thread-multi/perllocal.pod
OK
Successfully installed Bio-GFF3-2.0
Installing /data2/www/inb/JBrowse/JBrowse-1.11.6/extlib/lib/perl5/x86_64-linux-thread-multi/.meta/Bio-GFF3-2.0/install.json
Installing /data2/www/inb/JBrowse/JBrowse-1.11.6/extlib/lib/perl5/x86_64-linux-thread-multi/.meta/Bio-GFF3-2.0/MYMETA.json
Searching Hash::Merge on cpanmetadb ...
--> Working on Hash::Merge
Fetching http://search.cpan.org/CPAN/authors/id/R/RE/REHSACK/Hash-Merge-0.200.tar.gz ... OK
Unpacking Hash-Merge-0.200.tar.gz
Hash-Merge-0.200/
Hash-Merge-0.200/Changes
Hash-Merge-0.200/lib/
Hash-Merge-0.200/Makefile.PL
Hash-Merge-0.200/MANIFEST
Hash-Merge-0.200/MANIFEST.SKIP
Hash-Merge-0.200/META.json
Hash-Merge-0.200/META.yml
Hash-Merge-0.200/README
Hash-Merge-0.200/t/
Hash-Merge-0.200/t/00-load.t
Hash-Merge-0.200/t/01-merge.t
Hash-Merge-0.200/t/02-oo.t
Hash-Merge-0.200/lib/Hash/
Hash-Merge-0.200/lib/Hash/Merge.pm
Entering Hash-Merge-0.200
Checking configure dependencies from META.yml
Checking if you have ExtUtils::MakeMaker 0 ... Yes (7.04)
Configuring Hash-Merge-0.200 ... Running Makefile.PL
Checking if your kit is complete...
Looks good
Generating a Unix-style Makefile
Writing Makefile for Hash::Merge
Writing MYMETA.yml and MYMETA.json
OK
Checking dependencies from MYMETA.json ...
Checking if you have Clone 0 ... Yes (0.31)
Building Hash-Merge-0.200 ... cp lib/Hash/Merge.pm blib/lib/Hash/Merge.pm
Manifying 1 pod document
Manifying 1 pod document
Installing /data2/www/inb/JBrowse/JBrowse-1.11.6/extlib/lib/perl5/Hash/Merge.pm
Installing /data2/www/inb/JBrowse/JBrowse-1.11.6/extlib/man/man3/Hash::Merge.3pm
Appending installation info to /data2/www/inb/JBrowse/JBrowse-1.11.6/extlib/lib/perl5/x86_64-linux-thread-multi/perllocal.pod
OK
Successfully installed Hash-Merge-0.200
Installing /data2/www/inb/JBrowse/JBrowse-1.11.6/extlib/lib/perl5/x86_64-linux-thread-multi/.meta/Hash-Merge-0.200/install.json
Installing /data2/www/inb/JBrowse/JBrowse-1.11.6/extlib/lib/perl5/x86_64-linux-thread-multi/.meta/Hash-Merge-0.200/MYMETA.json
Searching File::Next on cpanmetadb ...
--> Working on File::Next
Fetching http://search.cpan.org/CPAN/authors/id/P/PE/PETDANCE/File-Next-1.12.tar.gz ... OK
Unpacking File-Next-1.12.tar.gz
File-Next-1.12/
File-Next-1.12/perlcriticrc
File-Next-1.12/MANIFEST
File-Next-1.12/Makefile.PL
File-Next-1.12/t/
File-Next-1.12/t/everything.t
File-Next-1.12/t/parms.t
File-Next-1.12/t/pod-coverage.t
File-Next-1.12/t/Util.pm
File-Next-1.12/t/swamp/
File-Next-1.12/t/swamp/perl.pm
File-Next-1.12/t/swamp/parrot.pir
File-Next-1.12/t/swamp/0
File-Next-1.12/t/swamp/c-header.h
File-Next-1.12/t/swamp/perl-without-extension
File-Next-1.12/t/swamp/c/
File-Next-1.12/t/swamp/c/c1
File-Next-1.12/t/swamp/c/c2
File-Next-1.12/t/swamp/Makefile
File-Next-1.12/t/swamp/perl.pod
File-Next-1.12/t/swamp/perl.pl
File-Next-1.12/t/swamp/Makefile.PL
File-Next-1.12/t/swamp/c-source.c
File-Next-1.12/t/swamp/a/
File-Next-1.12/t/swamp/a/a2
File-Next-1.12/t/swamp/a/a1
File-Next-1.12/t/swamp/perl-test.t
File-Next-1.12/t/swamp/javascript.js
File-Next-1.12/t/swamp/b/
File-Next-1.12/t/swamp/b/b1
File-Next-1.12/t/swamp/b/b2
File-Next-1.12/t/stdin-iterator.pl
File-Next-1.12/t/filelist-nul.txt
File-Next-1.12/t/methods.t
File-Next-1.12/t/00-load.t
File-Next-1.12/t/from_stdin.t
File-Next-1.12/t/api.t
File-Next-1.12/t/first-and-last-lines-via-process-pipe.pl
File-Next-1.12/t/basic.t
File-Next-1.12/t/filelist.txt
File-Next-1.12/t/from_file.t
File-Next-1.12/t/dot.t
File-Next-1.12/t/zero.t
File-Next-1.12/t/follow.t
File-Next-1.12/t/sort.t
File-Next-1.12/t/dirs.t
File-Next-1.12/t/named-pipe.t
File-Next-1.12/t/pod.t
File-Next-1.12/README.md
File-Next-1.12/META.yml
File-Next-1.12/META.json
File-Next-1.12/Next.pm
File-Next-1.12/Changes
Entering File-Next-1.12
Checking configure dependencies from META.yml
Checking if you have ExtUtils::MakeMaker 0 ... Yes (7.04)
Configuring File-Next-1.12 ... Running Makefile.PL
Checking if your kit is complete...
Looks good
Generating a Unix-style Makefile
Writing Makefile for File::Next
Writing MYMETA.yml and MYMETA.json
OK
Checking dependencies from MYMETA.json ...
Checking if you have ExtUtils::MakeMaker 0 ... Yes (7.04)
Checking if you have Test::More 0.88 ... Yes (0.98)
Checking if you have File::Spec 0 ... Yes (3.33)
Building File-Next-1.12 ... cp Next.pm blib/lib/File/Next.pm
Manifying 1 pod document
Manifying 1 pod document
Installing /data2/www/inb/JBrowse/JBrowse-1.11.6/extlib/lib/perl5/File/Next.pm
Installing /data2/www/inb/JBrowse/JBrowse-1.11.6/extlib/man/man3/File::Next.3pm
Appending installation info to /data2/www/inb/JBrowse/JBrowse-1.11.6/extlib/lib/perl5/x86_64-linux-thread-multi/perllocal.pod
OK
Successfully installed File-Next-1.12
Installing /data2/www/inb/JBrowse/JBrowse-1.11.6/extlib/lib/perl5/x86_64-linux-thread-multi/.meta/File-Next-1.12/install.json
Installing /data2/www/inb/JBrowse/JBrowse-1.11.6/extlib/lib/perl5/x86_64-linux-thread-multi/.meta/File-Next-1.12/MYMETA.json
<== Installed dependencies for .. Finishing.
Expiring 37 work directories.
9 distributions installed
+ bin/cpanm -v --notest -l extlib/ --installdeps .
/home/Life/rroyo/.cpanm/build.log: No such file or directory at /loader/0x7be9c8/App/cpanminus/script.pm line 224.
+ set -e
+ bin/cpanm -v --notest -l extlib/ --installdeps .
/home/Life/rroyo/.cpanm/build.log: No such file or directory at /loader/0x7be9c8/App/cpanminus/script.pm line 224.
+ rm -rf sample_data/json/volvox
+ bin/prepare-refseqs.pl --fasta docs/tutorial/data_files/volvox.fa --out sample_data/json/volvox
+ bin/biodb-to-json.pl -v --conf docs/tutorial/conf_files/volvox.json --out sample_data/json/volvox

working on refseq ctgA
working on track ExampleFeatures
mergedTrackCfg: $VAR1 = {
          'feature' => [
                         'remark'
                       ],
          'autocomplete' => 'all',
          'track' => 'ExampleFeatures',
          'style' => {
                       'className' => 'feature2'
                     },
          'compress' => 0,
          'category' => 'Miscellaneous',
          'key' => 'HTMLFeatures - Example Features'
        };
searching for features of type: remark
working on track NameTest
mergedTrackCfg: $VAR1 = {
          'feature' => [
                         'protein_coding_primary_transcript',
                         'polypeptide'
                       ],
          'autocomplete' => 'all',
          'track' => 'NameTest',
          'style' => {
                       'className' => 'feature2'
                     },
          'compress' => 0,
          'category' => 'Miscellaneous',
          'key' => 'HTMLFeatures - Name test track has a really long track label'
        };
searching for features of type: protein_coding_primary_transcript, polypeptide
working on track snps
mergedTrackCfg: $VAR1 = {
          'feature' => [
                         'SNP'
                       ],
          'autocomplete' => 'all',
          'track' => 'snps',
          'style' => {
                       'className' => 'triangle hgred'
                     },
          'compress' => 0,
          'category' => 'Miscellaneous',
          'key' => 'HTMLFeatures - SNPs'
        };
searching for features of type: SNP
working on track Motifs
mergedTrackCfg: $VAR1 = {
          'autocomplete' => 'all',
          'track' => 'Motifs',
          'style' => {
                       'className' => 'feature3',
                       'label' => 'function(feature) { return feature.get(\'Name\')+\' (via JS callback)\' }',
                       'description' => 'function(feature) { return feature.get(\'Name\')+\': \'+feature.get(\'Note\'); }'
                     },
          'description' => 1,
          'key' => 'HTMLFeatures - Example motifs',
          'feature' => [
                         'polypeptide_domain'
                       ],
          'compress' => 0,
          'category' => 'Miscellaneous'
        };
searching for features of type: polypeptide_domain
working on track malformed_alignments
mergedTrackCfg: $VAR1 = {
          'autocomplete' => 'all',
          'track' => 'malformed_alignments',
          'style' => {
                       'className' => 'feature4'
                     },
          'menuTemplate' => [
                              {
                                'children' => [
                                                {
                                                  'children' => [
                                                                  {
                                                                    'iconClass' => 'dijitIconBookmark',
                                                                    'url' => 'http://wiki.trin.org.au/{name}-{start}-{end}',
                                                                    'action' => 'newWindow',
                                                                    'label' => 'Query trin for {name}'
                                                                  },
                                                                  {
                                                                    'iconClass' => 'dijitIconSearch',
                                                                    'url' => 'http://example.com/{name}-{start}-{end}',
                                                                    'label' => 'Query example.com for {name}'
                                                                  }
                                                                ],
                                                  'label' => 'Check gene on databases'
                                                },
                                                {
                                                  'label' => '2nd child of demo'
                                                },
                                                {
                                                  'label' => '3rd child: this is a track'
                                                }
                                              ],
                                'label' => 'Item with submenu'
                              },
                              {
                                'iconClass' => 'dijitIconDatabase',
                                'url' => 'http://www.example.com?featurename={name}',
                                'action' => 'iframeDialog',
                                'title' => 'The magnificent example.com (feature {name})',
                                'label' => 'Open example.com in an iframe popup'
                              },
                              {
                                'iconClass' => 'dijitIconDatabase',
                                'url' => 'sample_data/test_snippet.html?featurename={name}:{start}-{end}',
                                'action' => 'xhrDialog',
                                'title' => 'function(track,feature,div) { return \'Random XHR HTML \'+Math.random()+\' title!\'; }',
                                'label' => 'Open popup with XHR HTML snippet (btw this is feature {name})'
                              },
                              {
                                'iconClass' => 'dijitIconDatabase',
                                'content' => 'function(track,feature,div) { return \'<h2>\'+feature.get(\'name\')+\'</h2><p>This is some test content!</p><p>This message brought to you by the number <span style="font-size: 300%">\'+Math.round(Math.random()*100)+\'</span>.</p>\';} ',
                                'action' => 'contentDialog',
                                'title' => 'function(track,feature,div) { return \'Random content snippet \'+Math.random()+\' title!\'; }',
                                'label' => 'Popup with content snippet from a function (feature {name})'
                              },
                              {
                                'iconClass' => 'dijitIconDatabase',
                                'content' => '<h2>{name}</h2><p>This is some test content about {name}, which goes from {start} to {end} on the {strand} strand.</p>',
                                'action' => 'contentDialog',
                                'title' => '{randomNumberTitle}',
                                'label' => 'Popup with content snippet from string (feature {name})'
                              },
                              {
                                'iconClass' => 'dijitIconDatabase',
                                'action' => '{exampleFeatureClick}',
                                'label' => '{randomNumberLabel}'
                              }
                            ],
          'hooks' => {
                       'modify' => 'function( track, feature, div ) { div.style.backgroundColor = [\'green\',\'blue\',\'red\',\'orange\',\'purple\'][Math.round(Math.random()*5)];}'
                     },
          'key' => 'HTMLFeatures - Features with right-click menus',
          'feature' => [
                         'match'
                       ],
          'shortDescription' => 'Features with customized right-click menus',
          'compress' => 0,
          'metadata' => {
                          'category' => 'Miscellaneous',
                          'Description' => 'Features with extensively customized right-click menus, and with their colors set at random by a JavaScript callback.'
                        }
        };
searching for features of type: match
working on track Genes
mergedTrackCfg: $VAR1 = {
          'fmtDetailValue_Name' => 'function(name,feature) { if(feature.get(\'type\')==\'gene\') { return name + \' <a href=http://www.ncbi.nlm.nih.gov/gquery/?term=\'+name+\'>[NCBI custom link]</a>\'; } else { return name; } }',
          'fmtMetaDescription_Name' => 'function(name) { return \'[Custom description]\'; }',
          'fmtMetaValue_Name' => 'function(name) { return name+\' [Track with custom callbacks for About track popup]\'; }',
          'key' => 'CanvasFeatures - Protein-coding genes',
          'onClick' => {
                         'action' => 'defaultDialog',
                         'title' => '{type} {name}',
                         'label' => '<div style=\'font:normal 12px Univers,Helvetica,Arial,sans-serif\'><div style=\'font-weight:bold\'>Custom tooltip</div><div style=\'color:blue;\'>Feature name: {name}<br />Feature start: {start}<br />Feature end: {end}</div></div>'
                       },
          'feature' => [
                         'gene'
                       ],
          'fmtDetailField_Name' => 'function(name,feature) { if(feature.get(\'type\')==\'gene\') { return \'Gene Name\'; } else { return name; } }',
          'fmtMetaField_Name' => 'function(name) { return \'Track Name\'; }',
          'fmtDetailField_Load_id' => 'function(name,feature) { /* remove field from dialog box */ return null; }',
          'category' => 'Transcripts',
          'autocomplete' => 'all',
          'track' => 'Genes',
          'style' => {
                       'className' => 'feature5'
                     },
          'menuTemplate' => [
                              {
                                'label' => 'View details'
                              },
                              {
                                'label' => 'Zoom this gene'
                              },
                              {
                                'label' => 'Highlight this gene'
                              },
                              {
                                'iconClass' => 'dijitIconDatabase',
                                'content' => '<h2>{name}</h2>This is some test content about {type} {name}, which goes from {start} to {end} on the {strand} strand.',
                                'action' => 'contentDialog',
                                'title' => '{randomNumberTitle}',
                                'label' => 'Popup with content snippet from string (feature {name})'
                              }
                            ],
          'trackType' => 'JBrowse/View/Track/CanvasFeatures',
          'compress' => 0
        };
searching for features of type: gene
working on track ReadingFrame
mergedTrackCfg: $VAR1 = {
          'autocomplete' => 'all',
          'track' => 'ReadingFrame',
          'style' => {
                       'className' => 'cds'
                     },
          'key' => 'HTMLFeatures - mRNAs',
          'onClick' => {
                         'url' => 'http://www.ncbi.nlm.nih.gov/gquery/?term={name}',
                         'title' => 'NCBI search box',
                         'label' => 'Search for {name} at NCBI
Feature start {start}
Feature end {end}'
                       },
          'feature' => [
                         'mRNA'
                       ],
          'phase' => 1,
          'compress' => 0,
          'category' => 'Transcripts'
        };
searching for features of type: mRNA
working on track CDS
mergedTrackCfg: $VAR1 = {
          'autocomplete' => 'all',
          'track' => 'CDS',
          'style' => {
                       'className' => 'cds',
                       'linkTemplate' => 'http://www.ncbi.nlm.nih.gov/gquery/?term={name}-{start}-{end}'
                     },
          'key' => 'CanvasFeatures - mixed mRNAs and CDSs',
          'feature' => [
                         'CDS:bare_predicted',
                         'mRNA:exonerate',
                         'mRNA:predicted'
                       ],
          'trackType' => 'CanvasFeatures',
          'compress' => 0,
          'category' => 'Transcripts'
        };
searching for features of type: CDS:bare_predicted, mRNA:exonerate, mRNA:predicted
working on track Transcript
mergedTrackCfg: $VAR1 = {
          'autocomplete' => 'all',
          'track' => 'Transcript',
          'style' => {
                       'className' => 'feature',
                       'color' => '#E32A3A'
                     },
          'description' => 1,
          'key' => 'CanvasFeatures - transcripts',
          'onClick' => '{exampleFeatureClick}',
          'feature' => [
                         'mRNA:exonerate'
                       ],
          'trackType' => 'JBrowse/View/Track/CanvasFeatures',
          'compress' => 0,
          'category' => 'Transcripts',
          'subfeatures' => bless( do{\(my $o = 1)}, 'JSON::XS::Boolean' )
        };
searching for features of type: mRNA:exonerate
working on track Clones
mergedTrackCfg: $VAR1 = {
          'autocomplete' => 'all',
          'track' => 'Clones',
          'style' => {
                       'className' => 'exon'
                     },
          'description' => 1,
          'key' => 'HTMLFeatures - Fingerprinted BACs',
          'feature' => [
                         'BAC'
                       ],
          'compress' => 0,
          'category' => 'Miscellaneous'
        };
searching for features of type: BAC
working on track EST
mergedTrackCfg: $VAR1 = {
          'feature' => [
                         'EST_match:est'
                       ],
          'autocomplete' => 'all',
          'track' => 'EST',
          'style' => {
                       'className' => 'est'
                     },
          'compress' => 0,
          'category' => 'Miscellaneous',
          'key' => 'HTMLFeatures - ESTs'
        };
searching for features of type: EST_match:est

working on refseq ctgB
working on track ExampleFeatures
mergedTrackCfg: $VAR1 = {
          'feature' => [
                         'remark'
                       ],
          'autocomplete' => 'all',
          'track' => 'ExampleFeatures',
          'style' => {
                       'className' => 'feature2'
                     },
          'compress' => 0,
          'category' => 'Miscellaneous',
          'key' => 'HTMLFeatures - Example Features'
        };
searching for features of type: remark
working on track NameTest
mergedTrackCfg: $VAR1 = {
          'feature' => [
                         'protein_coding_primary_transcript',
                         'polypeptide'
                       ],
          'autocomplete' => 'all',
          'track' => 'NameTest',
          'style' => {
                       'className' => 'feature2'
                     },
          'compress' => 0,
          'category' => 'Miscellaneous',
          'key' => 'HTMLFeatures - Name test track has a really long track label'
        };
searching for features of type: protein_coding_primary_transcript, polypeptide
working on track snps
mergedTrackCfg: $VAR1 = {
          'feature' => [
                         'SNP'
                       ],
          'autocomplete' => 'all',
          'track' => 'snps',
          'style' => {
                       'className' => 'triangle hgred'
                     },
          'compress' => 0,
          'category' => 'Miscellaneous',
          'key' => 'HTMLFeatures - SNPs'
        };
searching for features of type: SNP
working on track Motifs
mergedTrackCfg: $VAR1 = {
          'autocomplete' => 'all',
          'track' => 'Motifs',
          'style' => {
                       'className' => 'feature3',
                       'label' => 'function(feature) { return feature.get(\'Name\')+\' (via JS callback)\' }',
                       'description' => 'function(feature) { return feature.get(\'Name\')+\': \'+feature.get(\'Note\'); }'
                     },
          'description' => 1,
          'key' => 'HTMLFeatures - Example motifs',
          'feature' => [
                         'polypeptide_domain'
                       ],
          'compress' => 0,
          'category' => 'Miscellaneous'
        };
searching for features of type: polypeptide_domain
working on track malformed_alignments
mergedTrackCfg: $VAR1 = {
          'autocomplete' => 'all',
          'track' => 'malformed_alignments',
          'style' => {
                       'className' => 'feature4'
                     },
          'menuTemplate' => [
                              {
                                'children' => [
                                                {
                                                  'children' => [
                                                                  {
                                                                    'iconClass' => 'dijitIconBookmark',
                                                                    'url' => 'http://wiki.trin.org.au/{name}-{start}-{end}',
                                                                    'action' => 'newWindow',
                                                                    'label' => 'Query trin for {name}'
                                                                  },
                                                                  {
                                                                    'iconClass' => 'dijitIconSearch',
                                                                    'url' => 'http://example.com/{name}-{start}-{end}',
                                                                    'label' => 'Query example.com for {name}'
                                                                  }
                                                                ],
                                                  'label' => 'Check gene on databases'
                                                },
                                                {
                                                  'label' => '2nd child of demo'
                                                },
                                                {
                                                  'label' => '3rd child: this is a track'
                                                }
                                              ],
                                'label' => 'Item with submenu'
                              },
                              {
                                'iconClass' => 'dijitIconDatabase',
                                'url' => 'http://www.example.com?featurename={name}',
                                'action' => 'iframeDialog',
                                'title' => 'The magnificent example.com (feature {name})',
                                'label' => 'Open example.com in an iframe popup'
                              },
                              {
                                'iconClass' => 'dijitIconDatabase',
                                'url' => 'sample_data/test_snippet.html?featurename={name}:{start}-{end}',
                                'action' => 'xhrDialog',
                                'title' => 'function(track,feature,div) { return \'Random XHR HTML \'+Math.random()+\' title!\'; }',
                                'label' => 'Open popup with XHR HTML snippet (btw this is feature {name})'
                              },
                              {
                                'iconClass' => 'dijitIconDatabase',
                                'content' => 'function(track,feature,div) { return \'<h2>\'+feature.get(\'name\')+\'</h2><p>This is some test content!</p><p>This message brought to you by the number <span style="font-size: 300%">\'+Math.round(Math.random()*100)+\'</span>.</p>\';} ',
                                'action' => 'contentDialog',
                                'title' => 'function(track,feature,div) { return \'Random content snippet \'+Math.random()+\' title!\'; }',
                                'label' => 'Popup with content snippet from a function (feature {name})'
                              },
                              {
                                'iconClass' => 'dijitIconDatabase',
                                'content' => '<h2>{name}</h2><p>This is some test content about {name}, which goes from {start} to {end} on the {strand} strand.</p>',
                                'action' => 'contentDialog',
                                'title' => '{randomNumberTitle}',
                                'label' => 'Popup with content snippet from string (feature {name})'
                              },
                              {
                                'iconClass' => 'dijitIconDatabase',
                                'action' => '{exampleFeatureClick}',
                                'label' => '{randomNumberLabel}'
                              }
                            ],
          'hooks' => {
                       'modify' => 'function( track, feature, div ) { div.style.backgroundColor = [\'green\',\'blue\',\'red\',\'orange\',\'purple\'][Math.round(Math.random()*5)];}'
                     },
          'key' => 'HTMLFeatures - Features with right-click menus',
          'feature' => [
                         'match'
                       ],
          'shortDescription' => 'Features with customized right-click menus',
          'compress' => 0,
          'metadata' => {
                          'category' => 'Miscellaneous',
                          'Description' => 'Features with extensively customized right-click menus, and with their colors set at random by a JavaScript callback.'
                        }
        };
searching for features of type: match
working on track Genes
mergedTrackCfg: $VAR1 = {
          'fmtDetailValue_Name' => 'function(name,feature) { if(feature.get(\'type\')==\'gene\') { return name + \' <a href=http://www.ncbi.nlm.nih.gov/gquery/?term=\'+name+\'>[NCBI custom link]</a>\'; } else { return name; } }',
          'fmtMetaDescription_Name' => 'function(name) { return \'[Custom description]\'; }',
          'fmtMetaValue_Name' => 'function(name) { return name+\' [Track with custom callbacks for About track popup]\'; }',
          'key' => 'CanvasFeatures - Protein-coding genes',
          'onClick' => {
                         'action' => 'defaultDialog',
                         'title' => '{type} {name}',
                         'label' => '<div style=\'font:normal 12px Univers,Helvetica,Arial,sans-serif\'><div style=\'font-weight:bold\'>Custom tooltip</div><div style=\'color:blue;\'>Feature name: {name}<br />Feature start: {start}<br />Feature end: {end}</div></div>'
                       },
          'feature' => [
                         'gene'
                       ],
          'fmtDetailField_Name' => 'function(name,feature) { if(feature.get(\'type\')==\'gene\') { return \'Gene Name\'; } else { return name; } }',
          'fmtMetaField_Name' => 'function(name) { return \'Track Name\'; }',
          'fmtDetailField_Load_id' => 'function(name,feature) { /* remove field from dialog box */ return null; }',
          'category' => 'Transcripts',
          'autocomplete' => 'all',
          'track' => 'Genes',
          'style' => {
                       'className' => 'feature5'
                     },
          'menuTemplate' => [
                              {
                                'label' => 'View details'
                              },
                              {
                                'label' => 'Zoom this gene'
                              },
                              {
                                'label' => 'Highlight this gene'
                              },
                              {
                                'iconClass' => 'dijitIconDatabase',
                                'content' => '<h2>{name}</h2>This is some test content about {type} {name}, which goes from {start} to {end} on the {strand} strand.',
                                'action' => 'contentDialog',
                                'title' => '{randomNumberTitle}',
                                'label' => 'Popup with content snippet from string (feature {name})'
                              }
                            ],
          'trackType' => 'JBrowse/View/Track/CanvasFeatures',
          'compress' => 0
        };
searching for features of type: gene
working on track ReadingFrame
mergedTrackCfg: $VAR1 = {
          'autocomplete' => 'all',
          'track' => 'ReadingFrame',
          'style' => {
                       'className' => 'cds'
                     },
          'key' => 'HTMLFeatures - mRNAs',
          'onClick' => {
                         'url' => 'http://www.ncbi.nlm.nih.gov/gquery/?term={name}',
                         'title' => 'NCBI search box',
                         'label' => 'Search for {name} at NCBI
Feature start {start}
Feature end {end}'
                       },
          'feature' => [
                         'mRNA'
                       ],
          'phase' => 1,
          'compress' => 0,
          'category' => 'Transcripts'
        };
searching for features of type: mRNA
working on track CDS
mergedTrackCfg: $VAR1 = {
          'autocomplete' => 'all',
          'track' => 'CDS',
          'style' => {
                       'className' => 'cds',
                       'linkTemplate' => 'http://www.ncbi.nlm.nih.gov/gquery/?term={name}-{start}-{end}'
                     },
          'key' => 'CanvasFeatures - mixed mRNAs and CDSs',
          'feature' => [
                         'CDS:bare_predicted',
                         'mRNA:exonerate',
                         'mRNA:predicted'
                       ],
          'trackType' => 'CanvasFeatures',
          'compress' => 0,
          'category' => 'Transcripts'
        };
searching for features of type: CDS:bare_predicted, mRNA:exonerate, mRNA:predicted
working on track Transcript
mergedTrackCfg: $VAR1 = {
          'autocomplete' => 'all',
          'track' => 'Transcript',
          'style' => {
                       'className' => 'feature',
                       'color' => '#E32A3A'
                     },
          'description' => 1,
          'key' => 'CanvasFeatures - transcripts',
          'onClick' => '{exampleFeatureClick}',
          'feature' => [
                         'mRNA:exonerate'
                       ],
          'trackType' => 'JBrowse/View/Track/CanvasFeatures',
          'compress' => 0,
          'category' => 'Transcripts',
          'subfeatures' => bless( do{\(my $o = 1)}, 'JSON::XS::Boolean' )
        };
searching for features of type: mRNA:exonerate
working on track Clones
mergedTrackCfg: $VAR1 = {
          'autocomplete' => 'all',
          'track' => 'Clones',
          'style' => {
                       'className' => 'exon'
                     },
          'description' => 1,
          'key' => 'HTMLFeatures - Fingerprinted BACs',
          'feature' => [
                         'BAC'
                       ],
          'compress' => 0,
          'category' => 'Miscellaneous'
        };
searching for features of type: BAC
working on track EST
mergedTrackCfg: $VAR1 = {
          'feature' => [
                         'EST_match:est'
                       ],
          'autocomplete' => 'all',
          'track' => 'EST',
          'style' => {
                       'className' => 'est'
                     },
          'compress' => 0,
          'category' => 'Miscellaneous',
          'key' => 'HTMLFeatures - ESTs'
        };
searching for features of type: EST_match:est
+ cat docs/tutorial/data_files/volvox_microarray.bw.conf
+ cat docs/tutorial/data_files/volvox_sine.bw.conf
+ cat docs/tutorial/data_files/volvox-sorted.bam.conf
+ cat docs/tutorial/data_files/volvox-sorted.bam.coverage.conf
+ cat docs/tutorial/data_files/volvox-paired.bam.conf
+ cat docs/tutorial/data_files/volvox.vcf.conf
+ cat docs/tutorial/data_files/volvox_fromconfig.conf
+ cat docs/tutorial/data_files/volvox.gff3.conf
+ cat docs/tutorial/data_files/volvox.gtf.conf
+ bin/add-json.pl '{ "dataset_id": "volvox", "include": [ "../../raw/volvox/functions.conf" ] }' sample_data/json/volvox/trackList.json
+ bin/generate-names.pl --safeMode -v --out sample_data/json/volvox
Tracks:
    DNA
    ExampleFeatures
    NameTest
    snps
    Motifs
    malformed_alignments
    Genes
    ReadingFrame
    CDS
    Transcript
    Clones
    EST
    fromconfig
    volvox-sorted-vcf
    volvox-paired_bam
    volvox_sine_density
    volvox_sine_xyplot
    volvox_vcf_test
    volvox_gtf
    volvox-sorted_bam
    volvox_gff3
    volvox-sorted_bam_coverage
    volvox_microarray_bw_xyplot
    volvox_microarray_bw_density
Sampled input stats:
                   avg record text bytes 5272.24316939891
                      name input records 361
        operation stream estimated count 300
           record stream estimated count 75
                     total namerec bytes 1929641
                       total input bytes 396038
                         operations made 1660
                       namerecs buffered 366
        namerecs converted to operations 366
Removing existing contents of target dir sample_data/json/volvox/names
Hash store cache size: 2684 buckets
Using 1 chars for sort log names (16 sort logs)
+ '[' -d sample_data/json/modencode ']'
+ mkdir -p sample_data/json/modencode/tracks
+ ln -sf ../../volvox/tracks/volvox_microarray.wig sample_data/json/modencode/tracks/volvox_microarray.wig
+ mkdir -p sample_data/raw
+ '[' '!' -e sample_data/raw/volvox ']'
+ ln -sf ../../docs/tutorial/conf_files/volvox.json sample_data/raw/
+ touch sample_data/json/volvox/successfully_run
+ rm -rf sample_data/json/yeast/
+ bin/prepare-refseqs.pl --fasta sample_data/raw/yeast_scaffolds/chr1.fa.gz --fasta sample_data/raw/yeast_scaffolds/chr2.fa.gzip --out sample_data/json/yeast/
+ gunzip -c sample_data/raw/yeast_scaffolds/chr1.fa.gz sample_data/raw/yeast_scaffolds/chr2.fa.gzip
+ bin/biodb-to-json.pl --conf sample_data/raw/yeast.json --out sample_data/json/yeast/

working on refseq chrI
working on track Genes
working on track transcript_with_no_features

working on refseq chrII
working on track Genes
working on track transcript_with_no_features
+ bin/add-json.pl '{ "dataset_id": "yeast" }' sample_data/json/yeast/trackList.json
+ bin/generate-names.pl --dir sample_data/json/yeast/
+ cd src/wig2png
+ ./configure
checking for g++... g++
checking whether the C++ compiler works... yes
checking for C++ compiler default output file name... a.out
checking for suffix of executables... 
checking whether we are cross compiling... no
checking for suffix of object files... o
checking whether we are using the GNU C++ compiler... yes
checking whether g++ accepts -g... yes
checking for gcc... gcc
checking whether we are using the GNU C compiler... yes
checking whether gcc accepts -g... yes
checking for gcc option to accept ISO C89... none needed
checking whether ln -s works... yes
checking for library containing png_create_write_struct... -lpng
checking how to run the C preprocessor... gcc -E
checking for grep that handles long lines and -e... /usr/bin/grep
checking for egrep... /usr/bin/grep -E
checking for ANSI C header files... yes
checking for sys/wait.h that is POSIX.1 compatible... yes
checking for sys/types.h... yes
checking for sys/stat.h... yes
checking for stdlib.h... yes
checking for string.h... yes
checking for memory.h... yes
checking for strings.h... yes
checking for inttypes.h... yes
checking for stdint.h... yes
checking for unistd.h... yes
checking float.h usability... yes
checking float.h presence... yes
checking for float.h... yes
checking for stdlib.h... (cached) yes
checking for string.h... (cached) yes
checking for unistd.h... (cached) yes
checking png.h usability... yes
checking png.h presence... yes
checking for png.h... yes
checking for stdbool.h that conforms to C99... yes
checking for _Bool... yes
checking for an ANSI C-conforming const... yes
checking for inline... inline
checking for pid_t... yes
checking for C/C++ restrict keyword... __restrict
checking for size_t... yes
checking whether struct tm is in sys/time.h or time.h... time.h
checking for ptrdiff_t... yes
checking vfork.h usability... no
checking vfork.h presence... no
checking for vfork.h... no
checking for fork... yes
checking for vfork... yes
checking for working fork... yes
checking for working vfork... (cached) yes
checking whether lstat correctly handles trailing slash... yes
checking whether lstat accepts an empty string... no
checking whether lstat correctly handles trailing slash... (cached) yes
checking for stdlib.h... (cached) yes
checking for GNU libc compatible malloc... yes
checking for strftime... yes
checking for dup2... yes
checking for floor... yes
checking for memmove... yes
checking for pow... yes
checking for regcomp... yes
checking for sqrt... yes
checking for strchr... yes
checking for strcspn... yes
checking for strrchr... yes
checking for strspn... yes
checking for strstr... yes
configure: creating ./config.status
config.status: creating Makefile
config.status: creating src/config.h
+ make
g++ -g -O2 -include src/config.h -o ../../bin/wig2png src/wig2png.cc src/opts_list.cc  -lpng 
+ cd ../..
+ set -x
+ bin/wig-to-json.pl --key 'Image - volvox_microarray.wig' --wig docs/tutorial/data_files/volvox_microarray.wig --category 'Pre-generated images' --out sample_data/json/volvox
Bio::DB::Sam already installed.
