HTTP/1.1 400 BAD REQUEST
Date: Thu, 13 Aug 2015 15:16:44 GMT
Server: Apache/2.2.22 (Debian)
Content-Length: 192
Vary: Accept-Encoding
Connection: close
Content-Type: text/html

<!DOCTYPE HTML PUBLIC "-//W3C//DTD HTML 3.2 Final//EN">
<title>400 Bad Request</title>
<h1>Bad Request</h1>
<p>The browser (or proxy) sent a request that this server could not understand.</p>
HTTP/1.1 400 BAD REQUEST
Date: Thu, 13 Aug 2015 15:17:44 GMT
Server: Apache/2.2.22 (Debian)
Content-Length: 192
Vary: Accept-Encoding
Connection: close
Content-Type: text/html

<!DOCTYPE HTML PUBLIC "-//W3C//DTD HTML 3.2 Final//EN">
<title>400 Bad Request</title>
<h1>Bad Request</h1>
<p>The browser (or proxy) sent a request that this server could not understand.</p>
HTTP/1.1 400 BAD REQUEST
Date: Thu, 13 Aug 2015 15:18:59 GMT
Server: Apache/2.2.22 (Debian)
Content-Length: 192
Vary: Accept-Encoding
Connection: close
Content-Type: text/html

<!DOCTYPE HTML PUBLIC "-//W3C//DTD HTML 3.2 Final//EN">
<title>400 Bad Request</title>
<h1>Bad Request</h1>
<p>The browser (or proxy) sent a request that this server could not understand.</p>
HTTP/1.1 400 BAD REQUEST
Date: Thu, 13 Aug 2015 15:19:59 GMT
Server: Apache/2.2.22 (Debian)
Content-Length: 192
Vary: Accept-Encoding
Connection: close
Content-Type: text/html

<!DOCTYPE HTML PUBLIC "-//W3C//DTD HTML 3.2 Final//EN">
<title>400 Bad Request</title>
<h1>Bad Request</h1>
<p>The browser (or proxy) sent a request that this server could not understand.</p>
HTTP/1.1 400 BAD REQUEST
Date: Thu, 13 Aug 2015 15:20:59 GMT
Server: Apache/2.2.22 (Debian)
Content-Length: 192
Vary: Accept-Encoding
Connection: close
Content-Type: text/html

<!DOCTYPE HTML PUBLIC "-//W3C//DTD HTML 3.2 Final//EN">
<title>400 Bad Request</title>
<h1>Bad Request</h1>
<p>The browser (or proxy) sent a request that this server could not understand.</p>
HTTP/1.1 400 BAD REQUEST
Date: Thu, 13 Aug 2015 15:23:59 GMT
Server: Apache/2.2.22 (Debian)
Content-Length: 192
Vary: Accept-Encoding
Connection: close
Content-Type: text/html

<!DOCTYPE HTML PUBLIC "-//W3C//DTD HTML 3.2 Final//EN">
<title>400 Bad Request</title>
<h1>Bad Request</h1>
<p>The browser (or proxy) sent a request that this server could not understand.</p>
HTTP/1.1 400 BAD REQUEST
Date: Thu, 13 Aug 2015 15:55:28 GMT
Server: Apache/2.2.22 (Debian)
Content-Length: 192
Vary: Accept-Encoding
Connection: close
Content-Type: text/html

<!DOCTYPE HTML PUBLIC "-//W3C//DTD HTML 3.2 Final//EN">
<title>400 Bad Request</title>
<h1>Bad Request</h1>
<p>The browser (or proxy) sent a request that this server could not understand.</p>
HTTP/1.1 400 BAD REQUEST
Date: Thu, 13 Aug 2015 15:58:43 GMT
Server: Apache/2.2.22 (Debian)
Content-Length: 192
Vary: Accept-Encoding
Connection: close
Content-Type: text/html

<!DOCTYPE HTML PUBLIC "-//W3C//DTD HTML 3.2 Final//EN">
<title>400 Bad Request</title>
<h1>Bad Request</h1>
<p>The browser (or proxy) sent a request that this server could not understand.</p>
HTTP/1.1 400 BAD REQUEST
Date: Thu, 13 Aug 2015 16:02:28 GMT
Server: Apache/2.2.22 (Debian)
Content-Length: 192
Vary: Accept-Encoding
Connection: close
Content-Type: text/html

<!DOCTYPE HTML PUBLIC "-//W3C//DTD HTML 3.2 Final//EN">
<title>400 Bad Request</title>
<h1>Bad Request</h1>
<p>The browser (or proxy) sent a request that this server could not understand.</p>
HTTP/1.1 400 BAD REQUEST
Date: Thu, 13 Aug 2015 16:02:58 GMT
Server: Apache/2.2.22 (Debian)
Content-Length: 192
Vary: Accept-Encoding
Connection: close
Content-Type: text/html

<!DOCTYPE HTML PUBLIC "-//W3C//DTD HTML 3.2 Final//EN">
<title>400 Bad Request</title>
<h1>Bad Request</h1>
<p>The browser (or proxy) sent a request that this server could not understand.</p>
HTTP/1.1 400 BAD REQUEST
Date: Thu, 13 Aug 2015 16:03:28 GMT
Server: Apache/2.2.22 (Debian)
Content-Length: 192
Vary: Accept-Encoding
Connection: close
Content-Type: text/html

<!DOCTYPE HTML PUBLIC "-//W3C//DTD HTML 3.2 Final//EN">
<title>400 Bad Request</title>
<h1>Bad Request</h1>
<p>The browser (or proxy) sent a request that this server could not understand.</p>
HTTP/1.1 400 BAD REQUEST
Date: Thu, 13 Aug 2015 16:04:13 GMT
Server: Apache/2.2.22 (Debian)
Content-Length: 192
Vary: Accept-Encoding
Connection: close
Content-Type: text/html

<!DOCTYPE HTML PUBLIC "-//W3C//DTD HTML 3.2 Final//EN">
<title>400 Bad Request</title>
<h1>Bad Request</h1>
<p>The browser (or proxy) sent a request that this server could not understand.</p>
HTTP/1.1 400 BAD REQUEST
Date: Thu, 13 Aug 2015 16:07:28 GMT
Server: Apache/2.2.22 (Debian)
Content-Length: 192
Vary: Accept-Encoding
Connection: close
Content-Type: text/html

<!DOCTYPE HTML PUBLIC "-//W3C//DTD HTML 3.2 Final//EN">
<title>400 Bad Request</title>
<h1>Bad Request</h1>
<p>The browser (or proxy) sent a request that this server could not understand.</p>
HTTP/1.1 400 BAD REQUEST
Date: Thu, 13 Aug 2015 16:11:13 GMT
Server: Apache/2.2.22 (Debian)
Content-Length: 192
Vary: Accept-Encoding
Connection: close
Content-Type: text/html

<!DOCTYPE HTML PUBLIC "-//W3C//DTD HTML 3.2 Final//EN">
<title>400 Bad Request</title>
<h1>Bad Request</h1>
<p>The browser (or proxy) sent a request that this server could not understand.</p>
HTTP/1.1 400 BAD REQUEST
Date: Thu, 13 Aug 2015 16:11:43 GMT
Server: Apache/2.2.22 (Debian)
Content-Length: 192
Vary: Accept-Encoding
Connection: close
Content-Type: text/html

<!DOCTYPE HTML PUBLIC "-//W3C//DTD HTML 3.2 Final//EN">
<title>400 Bad Request</title>
<h1>Bad Request</h1>
<p>The browser (or proxy) sent a request that this server could not understand.</p>
HTTP/1.1 400 BAD REQUEST
Date: Thu, 13 Aug 2015 16:13:43 GMT
Server: Apache/2.2.22 (Debian)
Content-Length: 192
Vary: Accept-Encoding
Connection: close
Content-Type: text/html

<!DOCTYPE HTML PUBLIC "-//W3C//DTD HTML 3.2 Final//EN">
<title>400 Bad Request</title>
<h1>Bad Request</h1>
<p>The browser (or proxy) sent a request that this server could not understand.</p>
HTTP/1.1 400 BAD REQUEST
Date: Thu, 13 Aug 2015 16:14:13 GMT
Server: Apache/2.2.22 (Debian)
Content-Length: 192
Vary: Accept-Encoding
Connection: close
Content-Type: text/html

<!DOCTYPE HTML PUBLIC "-//W3C//DTD HTML 3.2 Final//EN">
<title>400 Bad Request</title>
<h1>Bad Request</h1>
<p>The browser (or proxy) sent a request that this server could not understand.</p>
HTTP/1.1 400 BAD REQUEST
Date: Thu, 13 Aug 2015 16:14:58 GMT
Server: Apache/2.2.22 (Debian)
Content-Length: 192
Vary: Accept-Encoding
Connection: close
Content-Type: text/html

<!DOCTYPE HTML PUBLIC "-//W3C//DTD HTML 3.2 Final//EN">
<title>400 Bad Request</title>
<h1>Bad Request</h1>
<p>The browser (or proxy) sent a request that this server could not understand.</p>
HTTP/1.1 400 BAD REQUEST
Date: Thu, 13 Aug 2015 16:17:43 GMT
Server: Apache/2.2.22 (Debian)
Content-Length: 192
Vary: Accept-Encoding
Connection: close
Content-Type: text/html

<!DOCTYPE HTML PUBLIC "-//W3C//DTD HTML 3.2 Final//EN">
<title>400 Bad Request</title>
<h1>Bad Request</h1>
<p>The browser (or proxy) sent a request that this server could not understand.</p>
HTTP/1.1 400 BAD REQUEST
Date: Thu, 13 Aug 2015 16:18:58 GMT
Server: Apache/2.2.22 (Debian)
Content-Length: 192
Vary: Accept-Encoding
Connection: close
Content-Type: text/html

<!DOCTYPE HTML PUBLIC "-//W3C//DTD HTML 3.2 Final//EN">
<title>400 Bad Request</title>
<h1>Bad Request</h1>
<p>The browser (or proxy) sent a request that this server could not understand.</p>
HTTP/1.1 400 BAD REQUEST
Date: Thu, 13 Aug 2015 16:19:43 GMT
Server: Apache/2.2.22 (Debian)
Content-Length: 192
Vary: Accept-Encoding
Connection: close
Content-Type: text/html

<!DOCTYPE HTML PUBLIC "-//W3C//DTD HTML 3.2 Final//EN">
<title>400 Bad Request</title>
<h1>Bad Request</h1>
<p>The browser (or proxy) sent a request that this server could not understand.</p>
HTTP/1.1 400 BAD REQUEST
Date: Thu, 13 Aug 2015 16:20:28 GMT
Server: Apache/2.2.22 (Debian)
Content-Length: 192
Vary: Accept-Encoding
Connection: close
Content-Type: text/html

<!DOCTYPE HTML PUBLIC "-//W3C//DTD HTML 3.2 Final//EN">
<title>400 Bad Request</title>
<h1>Bad Request</h1>
<p>The browser (or proxy) sent a request that this server could not understand.</p>
HTTP/1.1 400 BAD REQUEST
Date: Thu, 13 Aug 2015 16:25:13 GMT
Server: Apache/2.2.22 (Debian)
Content-Length: 192
Vary: Accept-Encoding
Connection: close
Content-Type: text/html

<!DOCTYPE HTML PUBLIC "-//W3C//DTD HTML 3.2 Final//EN">
<title>400 Bad Request</title>
<h1>Bad Request</h1>
<p>The browser (or proxy) sent a request that this server could not understand.</p>
HTTP/1.1 400 BAD REQUEST
Date: Thu, 13 Aug 2015 16:26:58 GMT
Server: Apache/2.2.22 (Debian)
Content-Length: 192
Vary: Accept-Encoding
Connection: close
Content-Type: text/html

<!DOCTYPE HTML PUBLIC "-//W3C//DTD HTML 3.2 Final//EN">
<title>400 Bad Request</title>
<h1>Bad Request</h1>
<p>The browser (or proxy) sent a request that this server could not understand.</p>
HTTP/1.1 400 BAD REQUEST
Date: Thu, 13 Aug 2015 16:31:43 GMT
Server: Apache/2.2.22 (Debian)
Content-Length: 192
Vary: Accept-Encoding
Connection: close
Content-Type: text/html

<!DOCTYPE HTML PUBLIC "-//W3C//DTD HTML 3.2 Final//EN">
<title>400 Bad Request</title>
<h1>Bad Request</h1>
<p>The browser (or proxy) sent a request that this server could not understand.</p>
