
     **************************************               **************
     **** CURVES+ Version 3.0nc 09/2016 ***               *   6 Apr 17 *
     **************************************               **************


  FILE : output.pdb                        ftop :                                 
  LIS  : output                            LIB  : standard                        
  ibld :                                   sol  :                                 
  back : P                               

  wback :  2.90  wbase :  3.50  rvfac :  7.50

  isym  :     1  itst  :     0  itnd  :     0  itdel :     1  itbkt :     0
  NAXLIM:     3

  CIRC  :     F  line  :     F  zaxe  :     F  fit   :     T  test  :     F
  IONS  :     F  refo  :     F  axfrm :     F  FRAMES:     F


  LS fitting of standard bases ...RMS max =  0.156

  Strands =    2 Atoms =   609 Units =    30

  Combined strands have   15 levels ...

  Strand  1 has  15 bases (5'-3'): CAGGAAGTGCTTCCT
  Strand  2 has  15 bases (3'-5'): GTCCTTCACGAAGGA

  (A) BP-Axis        Xdisp   Ydisp   Inclin    Tip  Ax-bend

    1) C   1-G  15   -0.42   -0.35     3.7    12.2     ---
    2) A   2-T  14   -1.54    0.21     4.5     8.5     0.6
    3) G   3-C  13   -0.57    0.18     7.4    14.6     1.0
    4) G   4-C  12   -2.14    0.60     6.2     0.8     0.5
    5) A   5-T  11   -2.21   -0.39    12.7    10.7     0.8
    6) A   6-T  10   -1.82    0.74     9.6     6.2     1.6
    7) G   7-C   9   -1.54    0.46    15.3     3.1     2.7
    8) T   8-A   8   -1.92    0.00    18.5    -6.5     3.4
    9) G   9-C   7   -1.62   -0.10    12.3     4.0     2.9
   10) C  10-G   6   -2.09   -0.76    17.1    -1.4     2.6
   11) T  11-A   5   -1.83   -0.34    12.7    -3.5     2.6
   12) T  12-A   4   -1.82    0.14    12.7   -12.2     1.9
   13) C  13-G   3   -1.69    0.19     7.9    -6.4     1.9
   14) C  14-G   2   -0.64    0.10    17.9    -1.7     1.3
   15) T  15-A   1   -0.20    0.86    12.1    -2.7     0.2

       Average:      -1.47    0.10    11.4     1.7  Total bend =    18.2 (  4 to  12)

  (B) Intra-BP parameters

  Strands 1-2       Shear  Stretch Stagger  Buckle  Propel Opening

    1) C   1-G  15   -0.55    0.01   -0.66   -11.3     6.5    -1.5
    2) A   2-T  14    0.24   -0.04    0.04    -2.0     1.2    -0.0
    3) G   3-C  13    0.46    0.06    0.63    15.6   -10.4     5.3
    4) G   4-C  12    0.43    0.19    0.74    21.1    -5.5    -4.4
    5) A   5-T  11    0.25   -0.03   -0.32    16.6   -22.3     2.2
    6) A   6-T  10   -0.47    0.44    0.70     6.9   -26.2    15.1
    7) G   7-C   9   -0.05    0.09    0.22    -6.2   -17.5     3.8
    8) T   8-A   8    0.22   -0.04    0.01    -5.6   -17.5     4.1
    9) G   9-C   7    0.06    0.24    1.19    17.3   -17.8    12.3
   10) C  10-G   6   -0.41    0.01    0.36    -2.2   -17.2    -3.0
   11) T  11-A   5    0.19    0.02    0.47     0.7   -27.0    11.9
   12) T  12-A   4    0.15    0.00    0.31   -16.2   -13.4    11.4
   13) C  13-G   3    0.34    0.16    0.12    -5.1     3.9     4.1
   14) C  14-G   2    0.01   -0.08   -0.90    -1.7    -1.8     3.1
   15) T  15-A   1    7.15   -4.34    0.01     1.2     5.2     2.9

       Average:       0.53   -0.22    0.20     1.9   -10.7     4.5

  (C) Inter-BP       Shift   Slide    Rise    Tilt    Roll   Twist   H-Ris   H-Twi

    1) C   1/A   2   -1.35    0.23    3.28    -7.2    -1.0    41.6    3.49    42.2
    2) A   2/G   3    0.61   -0.39    2.99    -4.5     8.6    31.2    2.76    32.1
    3) G   3/G   4   -1.90   -0.07    3.14    -6.5    -9.1    36.2    3.33    36.1
    4) G   4/A   5   -0.21   -1.46    3.45     3.9    12.7    21.9    3.21    22.6
    5) A   5/A   6   -0.11   -0.07    3.08   -10.3     3.0    37.9    3.01    39.1
    6) A   6/G   7   -0.63   -0.86    3.44    -0.3     7.1    40.0    3.20    41.0
    7) G   7/T   8   -0.52   -0.42    3.30     2.8     3.3    31.1    2.91    32.2
    8) T   8/G   9    0.63    0.18    2.87    -4.7    19.4    22.0    2.76    24.8
    9) G   9/C  10    0.22   -0.72    3.76     5.9     4.6    31.1    3.40    31.9
   10) C  10/T  11    0.99   -0.77    2.99     0.3     8.9    41.0    2.75    42.3
   11) T  11/T  12    0.41   -0.44    3.52     6.7    -1.2    37.8    3.39    38.1
   12) T  12/C  13    0.04   -0.39    3.15    -0.3     8.9    27.7    3.06    28.3
   13) C  13/C  14    0.76    0.10    3.03    11.1    12.3    36.2    3.04    37.8
   14) C  14/T  15    0.05    1.46    3.57    -3.3    13.2    52.0    3.82    53.7

       Average:      -0.07   -0.26    3.26    -0.5     6.5    34.8    3.15    35.9

  (D) Backbone Parameters

   Strand 1     Alpha  Beta   Gamma  Delta  Epsil  Zeta   Chi    Phase  Ampli  Puckr  

    1) C   1     ----   ----  -50.0  164.8 -100.6  178.4  -90.4  160.8   54.1  C2'en
    2) A   2    -93.9  156.4   48.8  151.7 -167.7  -90.3 -116.6  169.7   33.1  C2'en
    3) G   3    -76.9 -175.3   48.0  151.3  -98.9  165.3  -94.9  158.2   39.8  C2'en
    4) G   4    -75.7  157.1   30.5  148.8  172.6  -86.8 -101.2  174.2   40.4  C2'en
    5) A   5    -88.4 -166.5   55.7  153.9 -116.9 -170.3  -92.9  163.1   41.7  C2'en
    6) A   6    -87.7  149.9   57.8  142.5 -174.6  -96.6 -113.0  178.2   42.0  C2'en
    7) G   7    -81.6 -163.0   45.1  141.9 -163.3 -114.0  -96.5  179.5   40.3  C2'en
    8) T   8    -80.6  162.4   57.7   86.8 -166.7  -81.1 -135.1   61.5   44.0  C4'ex
    9) G   9    -69.3 -175.3   58.9  149.5 -152.1  -87.0  -85.7  170.6   33.7  C2'en
   10) C  10    -96.6   61.7  174.1  150.1 -166.3  -81.5 -162.0  152.2   47.7  C2'en
   11) T  11    109.7  176.2 -158.8  149.5 -161.3  -83.6 -133.4  154.6   40.3  C2'en
   12) T  12    -76.6  161.0   49.9  102.8 -171.8  -80.0 -115.6   86.5   30.9  O1'en
   13) C  13    -63.9  166.7   53.4  104.4  170.3  -90.8 -115.4  132.7   32.5  C1'ex
   14) C  14    -75.6 -171.2   63.4  144.3 -173.4  -78.4  -95.6 -179.7   38.5  C3'ex
   15) T  15    -67.3  153.4   65.2  140.7   ----   ---- -103.8  151.6   54.2  C2'en

   Strand 2     Alpha  Beta   Gamma  Delta  Epsil  Zeta   Chi    Phase  Ampli  Puckr  

    1) G  15    -48.3  162.2   43.6  134.4   ----   ----  -94.5  143.6   44.4  C1'ex
    2) T  14    -70.1 -161.2   51.0  150.2 -166.9 -103.9 -103.2  173.8   40.4  C2'en
    3) C  13    -63.1  155.3   58.3   81.2  168.0  -62.7 -154.1   47.8   46.8  C4'ex
    4) C  12    -65.4  165.7   53.9   89.8  179.0  -80.3 -122.1   99.8   41.8  O1'en
    5) T  11    -60.8  172.2   41.1  140.0  177.5 -101.7  -92.3  149.7   45.9  C2'en
    6) T  10    -76.5 -177.1   52.8  122.5 -167.7  -89.6 -116.8  146.4   46.5  C2'en
    7) C   9   -114.5   68.9  173.5  138.1 -166.9  -74.7 -146.4  162.5   40.0  C2'en
    8) A   8    -59.7  168.6   73.7  152.5 -153.7  -70.3  -93.0  159.6   50.2  C2'en
    9) C   7    -87.0 -163.4   41.8   77.0 -166.4  -69.7 -146.1   18.9   41.3  C3'en
   10) G   6    -68.5 -163.9   59.2  145.8  173.8  -95.2 -109.9  158.0   33.5  C2'en
   11) A   5     70.7 -119.5 -179.8   82.7 -148.6  -74.7 -167.4   19.8   44.1  C3'en
   12) A   4    -75.0  171.2   50.5  147.1 -109.2  167.4  -96.2  147.3   48.2  C2'en
   13) G   3    -53.6  153.6   51.0  142.4 -170.4  -89.2 -126.5  167.4   30.6  C2'en
   14) G   2    -54.2  154.8   48.9  137.6 -150.4 -165.5  -77.1  150.2   51.1  C2'en
   15) A   1     ----   ----   53.1  124.9 -152.2  -81.9 -114.5  145.4   48.4  C2'en

  (E) Groove parameters

   Level           W12     D12     W21     D21

    1.5                                       
    2.0  A   2                                
    2.5                                       
    3.0  G   3                                
    3.5            7.5     4.6                
    4.0  G   4     7.6     3.8                
    4.5            7.1     4.3                
    5.0  A   5     5.8     4.4    10.7     8.0
    5.5            4.4     4.7     9.3     7.8
    6.0  A   6     3.6     4.6     8.3     7.5
    6.5            3.9     4.9     7.9     7.8
    7.0  G   7     5.3     4.7     6.4     8.1
    7.5            7.5     3.9     5.4     8.6
    8.0  T   8     9.5     3.3     4.9     9.4
    8.5            9.5     3.7     5.5     9.3
    9.0  G   9     8.4     4.0     6.9     9.6
    9.5            7.0     4.2     8.6     9.1
   10.0  C  10     5.6     4.3     9.5     8.3
   10.5            4.4     4.5    10.2     7.3
   11.0  T  11     4.5     4.5    10.4     6.7
   11.5            6.0     4.3    10.8     6.3
   12.0  T  12     7.2     3.8                
   12.5            7.9     3.7                
   13.0  C  13     7.9     3.8                
   13.5                                       
   14.0  C  14                                
   14.5                                       

  (F) Curvature analysis

     N    BP step        Cur      Rad      Reg
  ---------------------------------------------
    2) A   2/G   3      0.776   51.520  -18.505
    3) G   3/G   4      0.575   69.547   -4.185
    4) G   4/A   5      0.367  108.876 -122.896
    5) A   5/A   6      0.753   53.153   78.440
    6) A   6/G   7      1.235   32.378  -24.721
    7) G   7/T   8      1.769   22.610  -52.071
    8) T   8/G   9      1.952   20.491  -91.213
    9) G   9/C  10      1.594   25.094 -154.204
   10) C  10/T  11      0.357  112.088  118.426
   11) T  11/T  12      0.305  130.982   62.126
   12) T  12/C  13      1.027   38.940   24.963
   13) C  13/C  14      0.899   44.501  -90.572

  <curvature> =   0.968 std. dev. =   0.539
