
     **************************************               **************
     **** CURVES+ Version 3.0nc 09/2016 ***               *   5 Apr 17 *
     **************************************               **************


  FILE : output.pdb                        ftop :                                 
  LIS  : output                            LIB  : standard                        
  ibld :                                   sol  :                                 
  back : P                               

  wback :  2.90  wbase :  3.50  rvfac :  7.50

  isym  :     1  itst  :     0  itnd  :     0  itdel :     1  itbkt :     0
  NAXLIM:     3

  CIRC  :     F  line  :     F  zaxe  :     F  fit   :     T  test  :     F
  IONS  :     F  refo  :     F  axfrm :     F  FRAMES:     F


  LS fitting of standard bases ...RMS max =  0.046

  Strands =    2 Atoms =   609 Units =    30

  Combined strands have   15 levels ...

  Strand  1 has  15 bases (5'-3'): CAGGAAGTGCTTCCT
  Strand  2 has  15 bases (3'-5'): GTCCTTCACGAAGGA

  (A) BP-Axis        Xdisp   Ydisp   Inclin    Tip  Ax-bend

    1) C   1-G  15   -1.50   -0.66    14.5    -1.7     ---
    2) A   2-T  14   -2.50    0.17    11.8     5.7     0.8
    3) G   3-C  13   -1.42   -0.14    12.6    -1.3     0.3
    4) G   4-C  12   -2.36    0.22    12.0    -3.7     0.6
    5) A   5-T  11   -2.46    0.03    12.9     4.3     1.2
    6) A   6-T  10   -2.24    0.63    11.2     8.5     1.3
    7) G   7-C   9   -1.06    0.77    11.2     1.0     1.1
    8) T   8-A   8   -1.57   -0.30     6.8    -6.7     1.3
    9) G   9-C   7   -1.07    0.48     9.3     4.3     1.0
   10) C  10-G   6   -0.77    0.42    12.0     2.1     1.1
   11) T  11-A   5   -0.93    0.17     6.3    -1.0     1.6
   12) T  12-A   4   -1.27    0.15     1.7    -5.6     1.4
   13) C  13-G   3   -1.23    0.41     3.3    -2.0     0.8
   14) C  14-G   2    0.18    0.48     6.0    -1.8     0.5
   15) T  15-A   1   -0.29    0.71     3.3    -2.9     0.8

       Average:      -1.37    0.24     9.0    -0.1  Total bend =     8.9 (  4 to  12)

  (B) Intra-BP parameters

  Strands 1-2       Shear  Stretch Stagger  Buckle  Propel Opening

    1) C   1-G  15    0.01   -0.01    0.03    -7.9    -1.1     3.5
    2) A   2-T  14   -0.06   -0.15    0.07    -9.7     3.7    -1.2
    3) G   3-C  13    0.26   -0.17    0.06     3.8    18.3     1.9
    4) G   4-C  12    0.05   -0.01   -0.09    -1.3     1.2    -0.1
    5) A   5-T  11   -0.12   -0.07   -0.24    -4.7    -2.4     3.4
    6) A   6-T  10   -0.09    0.15    0.07     1.9    -4.1     1.6
    7) G   7-C   9   -0.16    0.16   -0.13    -5.4     0.7    -0.0
    8) T   8-A   8    0.07   -0.00    0.28    -2.6     5.8     4.7
    9) G   9-C   7    0.20   -0.09    0.08    10.5     5.9     5.7
   10) C  10-G   6   -0.05   -0.10   -0.15    10.1   -13.7     2.7
   11) T  11-A   5    0.01   -0.21    0.45    -9.6   -13.3     7.4
   12) T  12-A   4   -0.31   -0.11    0.37   -12.4    -9.4     2.7
   13) C  13-G   3    0.22    0.03   -0.15    -1.7    -4.3     2.4
   14) C  14-G   2    0.24   -0.03   -0.25    12.0    -2.1     3.4
   15) T  15-A   1    0.07   -0.19   -0.02    16.6   -17.4    -6.0

       Average:       0.02   -0.05    0.03    -0.0    -2.2     2.1

  (C) Inter-BP       Shift   Slide    Rise    Tilt    Roll   Twist   H-Ris   H-Twi

    1) C   1/A   2   -0.65    0.11    3.24    -3.2    15.8    38.0    3.22    39.8
    2) A   2/G   3    0.91   -0.88    3.08    -0.4    -0.5    27.9    2.76    27.8
    3) G   3/G   4   -0.83   -0.22    3.48     1.6     5.7    36.2    3.30    36.8
    4) G   4/A   5   -0.11   -0.98    3.08     1.1    12.9    27.6    2.86    28.8
    5) A   5/A   6   -0.50   -0.56    2.85    -6.2    10.0    32.0    2.76    33.3
    6) A   6/G   7   -0.06   -0.49    3.48    -4.2     1.1    38.9    3.29    39.3
    7) G   7/T   8   -0.81   -1.07    3.30    -3.4    -2.4    25.6    3.00    25.4
    8) T   8/G   9    0.42    0.70    3.09     3.1    16.1    30.4    3.14    31.5
    9) G   9/C  10    0.05    0.17    3.21     1.7     3.8    26.5    3.15    26.8
   10) C  10/T  11   -0.22   -0.52    3.78    -4.3     4.3    40.6    3.63    41.0
   11) T  11/T  12   -0.32   -0.85    3.25    -1.2    -2.5    34.6    3.15    34.5
   12) T  12/C  13   -0.24   -0.41    2.96     3.6     4.1    31.2    2.94    31.4
   13) C  13/C  14    1.03    0.15    2.83     3.3     3.2    33.0    2.87    33.2
   14) C  14/T  15   -0.76    0.44    3.26    -0.3     1.9    34.9    3.24    35.0

       Average:      -0.15   -0.31    3.21    -0.6     5.2    32.7    3.09    33.2

  (D) Backbone Parameters

   Strand 1     Alpha  Beta   Gamma  Delta  Epsil  Zeta   Chi    Phase  Ampli  Puckr  

    1) C   1     ----   ----   39.1  152.8 -175.9 -134.8  -90.6  168.6   40.8  C2'en
    2) A   2    -77.1 -177.1   59.3  148.2 -155.0 -102.3 -110.4  176.9   36.6  C2'en
    3) G   3     31.1 -144.1  -80.0  151.6 -167.0 -125.4 -120.1  178.8   34.9  C2'en
    4) G   4    -63.4  174.5   52.4  148.5  172.1  -81.1 -117.6  176.6   36.1  C2'en
    5) A   5    -68.4 -147.7   29.1  154.9 -173.3 -124.8  -94.7  178.5   38.7  C2'en
    6) A   6    -47.2  177.1   31.6  150.3  174.4 -121.1  -96.9  175.6   38.7  C2'en
    7) G   7    -44.0 -174.8   38.1  147.5  161.4  -88.5 -108.1  175.7   36.3  C2'en
    8) T   8    -57.4 -138.1   31.9  148.7 -159.0 -111.9  -96.3 -179.7   35.7  C3'ex
    9) G   9     25.5 -175.5  -56.4  154.2 -166.0  -66.7  -81.6 -166.6   34.4  C3'ex
   10) C  10   -113.6   64.6  165.3  150.8 -178.6  -76.7 -139.6  171.5   36.0  C2'en
   11) T  11    -77.9 -141.6   40.6  156.6 -172.3 -119.9  -99.3 -170.9   38.0  C3'ex
   12) T  12     30.2 -164.8  -65.0  153.0  174.4  -76.2 -112.6 -173.5   34.6  C3'ex
   13) C  13    -47.0 -140.3    3.6  152.5  167.1  -85.0  -87.1 -168.9   35.9  C3'ex
   14) C  14    -36.9 -152.7    8.7  150.4  173.6 -135.1  -76.0 -176.2   35.3  C3'ex
   15) T  15    -37.0  164.0   44.8  158.8   ----   ----  -89.9  175.8   39.3  C2'en

   Strand 2     Alpha  Beta   Gamma  Delta  Epsil  Zeta   Chi    Phase  Ampli  Puckr  

    1) G  15     37.6  161.6  -53.2  161.4   ----   ----  -90.0 -167.7   34.8  C3'ex
    2) T  14    -46.8 -157.8   42.5  152.5 -168.0 -126.3  -97.7 -177.7   37.2  C3'ex
    3) C  13    -36.9 -153.2    1.9  153.7  158.6 -100.1 -106.7 -175.5   35.2  C3'ex
    4) C  12     17.2 -143.4  -75.0  149.4 -174.9  -86.6 -114.5  177.0   34.0  C2'en
    5) T  11     44.5  178.1  -69.8  155.7 -162.8 -102.0  -91.6 -177.4   36.6  C3'ex
    6) T  10    -71.8 -173.1   49.3  148.6 -171.6 -118.5  -98.7  179.4   37.8  C2'en
    7) C   9   -116.2   76.3 -179.9  147.1 -157.5  -93.2 -145.3  169.1   36.5  C2'en
    8) A   8    -75.3 -163.3   39.8  150.6  176.6  -62.8  -82.6 -178.5   36.4  C3'ex
    9) C   7     -5.8 -179.2  -16.8  153.6 -170.6 -102.7 -100.1 -177.6   34.8  C3'ex
   10) G   6     35.3 -154.7  -79.4  148.5 -162.9  -96.0 -123.0 -168.6   33.0  C3'ex
   11) A   5     44.3 -140.3  -90.5  155.1 -160.3  -96.7 -123.5 -171.3   34.4  C3'ex
   12) A   4    -53.3 -154.5   29.7  152.3 -162.3 -134.0  -84.7  179.5   38.3  C2'en
   13) G   3    -76.3 -154.4   42.9  150.0  162.7  -83.4  -93.7 -174.3   36.0  C3'ex
   14) G   2   -130.4  -26.9 -152.2  154.5 -171.9  -89.3 -138.1 -170.3   33.6  C3'ex
   15) A   1     ----   ----  -59.7  149.6  150.2   51.7 -136.4 -175.2   33.9  C3'ex

  (E) Groove parameters

   Level           W12     D12     W21     D21

    1.5                                       
    2.0  A   2                                
    2.5                                       
    3.0  G   3                                
    3.5            7.5     4.2                
    4.0  G   4     7.8     3.4                
    4.5            7.7     3.6                
    5.0  A   5     7.5     3.7    11.6     7.8
    5.5            7.0     4.2    11.3     6.2
    6.0  A   6     5.9     4.4    11.4     7.2
    6.5            5.1     5.0    10.5     7.0
    7.0  G   7     4.9     5.5    10.2     7.2
    7.5            6.7     4.6    10.5     8.2
    8.0  T   8     9.1     3.5    10.0     8.7
    8.5           10.0     3.7     9.6     8.0
    9.0  G   9     9.2     3.8     9.7     7.4
    9.5            6.8     4.6    10.5     7.1
   10.0  C  10     4.7     5.3    11.4     6.6
   10.5            4.2     5.3    12.3     6.0
   11.0  T  11     4.2     5.0    13.6     5.3
   11.5            4.8     5.0    12.5     4.7
   12.0  T  12     5.6     4.8    12.2     4.7
   12.5            6.7     4.5                
   13.0  C  13     7.5     3.9                
   13.5                                       
   14.0  C  14                                
   14.5                                       

  (F) Curvature analysis

     N    BP step        Cur      Rad      Reg
  ---------------------------------------------
    2) A   2/G   3      1.051   38.053   63.046
    3) G   3/G   4      0.946   42.291  -79.300
    4) G   4/A   5      1.127   35.499 -177.905
    5) A   5/A   6      0.576   69.444   50.519
    6) A   6/G   7      0.342  116.865  -53.346
    7) G   7/T   8      0.774   51.669  -68.895
    8) T   8/G   9      1.193   33.533 -102.401
    9) G   9/C  10      1.094   36.563 -149.882
   10) C  10/T  11      0.957   41.776 -168.877
   11) T  11/T  12      0.778   51.436  113.721
   12) T  12/C  13      0.815   49.097    0.256
   13) C  13/C  14      1.007   39.740 -107.825

  <curvature> =   0.888 std. dev. =   0.236
