HTTP/1.1 400 BAD REQUEST
Date: Thu, 13 Aug 2015 15:35:14 GMT
Server: Apache/2.2.22 (Debian)
Content-Length: 192
Vary: Accept-Encoding
Connection: close
Content-Type: text/html

<!DOCTYPE HTML PUBLIC "-//W3C//DTD HTML 3.2 Final//EN">
<title>400 Bad Request</title>
<h1>Bad Request</h1>
<p>The browser (or proxy) sent a request that this server could not understand.</p>
HTTP/1.1 400 BAD REQUEST
Date: Thu, 13 Aug 2015 15:35:59 GMT
Server: Apache/2.2.22 (Debian)
Content-Length: 192
Vary: Accept-Encoding
Connection: close
Content-Type: text/html

<!DOCTYPE HTML PUBLIC "-//W3C//DTD HTML 3.2 Final//EN">
<title>400 Bad Request</title>
<h1>Bad Request</h1>
<p>The browser (or proxy) sent a request that this server could not understand.</p>
HTTP/1.1 400 BAD REQUEST
Date: Thu, 13 Aug 2015 15:37:14 GMT
Server: Apache/2.2.22 (Debian)
Content-Length: 192
Vary: Accept-Encoding
Connection: close
Content-Type: text/html

<!DOCTYPE HTML PUBLIC "-//W3C//DTD HTML 3.2 Final//EN">
<title>400 Bad Request</title>
<h1>Bad Request</h1>
<p>The browser (or proxy) sent a request that this server could not understand.</p>
HTTP/1.1 400 BAD REQUEST
Date: Thu, 13 Aug 2015 15:54:28 GMT
Server: Apache/2.2.22 (Debian)
Content-Length: 192
Vary: Accept-Encoding
Connection: close
Content-Type: text/html

<!DOCTYPE HTML PUBLIC "-//W3C//DTD HTML 3.2 Final//EN">
<title>400 Bad Request</title>
<h1>Bad Request</h1>
<p>The browser (or proxy) sent a request that this server could not understand.</p>
HTTP/1.1 400 BAD REQUEST
Date: Thu, 13 Aug 2015 16:09:28 GMT
Server: Apache/2.2.22 (Debian)
Content-Length: 192
Vary: Accept-Encoding
Connection: close
Content-Type: text/html

<!DOCTYPE HTML PUBLIC "-//W3C//DTD HTML 3.2 Final//EN">
<title>400 Bad Request</title>
<h1>Bad Request</h1>
<p>The browser (or proxy) sent a request that this server could not understand.</p>
HTTP/1.1 400 BAD REQUEST
Date: Thu, 13 Aug 2015 16:10:43 GMT
Server: Apache/2.2.22 (Debian)
Content-Length: 192
Vary: Accept-Encoding
Connection: close
Content-Type: text/html

<!DOCTYPE HTML PUBLIC "-//W3C//DTD HTML 3.2 Final//EN">
<title>400 Bad Request</title>
<h1>Bad Request</h1>
<p>The browser (or proxy) sent a request that this server could not understand.</p>
HTTP/1.1 400 BAD REQUEST
Date: Thu, 13 Aug 2015 16:12:13 GMT
Server: Apache/2.2.22 (Debian)
Content-Length: 192
Vary: Accept-Encoding
Connection: close
Content-Type: text/html

<!DOCTYPE HTML PUBLIC "-//W3C//DTD HTML 3.2 Final//EN">
<title>400 Bad Request</title>
<h1>Bad Request</h1>
<p>The browser (or proxy) sent a request that this server could not understand.</p>
HTTP/1.1 400 BAD REQUEST
Date: Thu, 13 Aug 2015 16:13:28 GMT
Server: Apache/2.2.22 (Debian)
Content-Length: 192
Vary: Accept-Encoding
Connection: close
Content-Type: text/html

<!DOCTYPE HTML PUBLIC "-//W3C//DTD HTML 3.2 Final//EN">
<title>400 Bad Request</title>
<h1>Bad Request</h1>
<p>The browser (or proxy) sent a request that this server could not understand.</p>
HTTP/1.1 400 BAD REQUEST
Date: Thu, 13 Aug 2015 17:06:13 GMT
Server: Apache/2.2.22 (Debian)
Content-Length: 192
Vary: Accept-Encoding
Connection: close
Content-Type: text/html

<!DOCTYPE HTML PUBLIC "-//W3C//DTD HTML 3.2 Final//EN">
<title>400 Bad Request</title>
<h1>Bad Request</h1>
<p>The browser (or proxy) sent a request that this server could not understand.</p>
